TimeQuest Timing Analyzer report for ModCuatroTruncadoTres
Mon Mar 07 15:13:00 2022
Quartus II 64-Bit Version 13.0.1 Build 232 06/12/2013 Service Pack 1 SJ Web Edition


---------------------
; Table of Contents ;
---------------------
  1. Legal Notice
  2. TimeQuest Timing Analyzer Summary
  3. Parallel Compilation
  4. Clocks
  5. Slow 1200mV 85C Model Fmax Summary
  6. Timing Closure Recommendations
  7. Slow 1200mV 85C Model Setup Summary
  8. Slow 1200mV 85C Model Hold Summary
  9. Slow 1200mV 85C Model Recovery Summary
 10. Slow 1200mV 85C Model Removal Summary
 11. Slow 1200mV 85C Model Minimum Pulse Width Summary
 12. Slow 1200mV 85C Model Setup: 'CLK'
 13. Slow 1200mV 85C Model Setup: 'inst52'
 14. Slow 1200mV 85C Model Hold: 'CLK'
 15. Slow 1200mV 85C Model Hold: 'inst52'
 16. Slow 1200mV 85C Model Recovery: 'inst52'
 17. Slow 1200mV 85C Model Recovery: 'CLK'
 18. Slow 1200mV 85C Model Removal: 'CLK'
 19. Slow 1200mV 85C Model Removal: 'inst52'
 20. Slow 1200mV 85C Model Minimum Pulse Width: 'CLK'
 21. Slow 1200mV 85C Model Minimum Pulse Width: 'inst52'
 22. Clock to Output Times
 23. Minimum Clock to Output Times
 24. Slow 1200mV 85C Model Metastability Report
 25. Slow 1200mV 0C Model Fmax Summary
 26. Slow 1200mV 0C Model Setup Summary
 27. Slow 1200mV 0C Model Hold Summary
 28. Slow 1200mV 0C Model Recovery Summary
 29. Slow 1200mV 0C Model Removal Summary
 30. Slow 1200mV 0C Model Minimum Pulse Width Summary
 31. Slow 1200mV 0C Model Setup: 'CLK'
 32. Slow 1200mV 0C Model Setup: 'inst52'
 33. Slow 1200mV 0C Model Hold: 'CLK'
 34. Slow 1200mV 0C Model Hold: 'inst52'
 35. Slow 1200mV 0C Model Recovery: 'inst52'
 36. Slow 1200mV 0C Model Recovery: 'CLK'
 37. Slow 1200mV 0C Model Removal: 'CLK'
 38. Slow 1200mV 0C Model Removal: 'inst52'
 39. Slow 1200mV 0C Model Minimum Pulse Width: 'CLK'
 40. Slow 1200mV 0C Model Minimum Pulse Width: 'inst52'
 41. Clock to Output Times
 42. Minimum Clock to Output Times
 43. Slow 1200mV 0C Model Metastability Report
 44. Fast 1200mV 0C Model Setup Summary
 45. Fast 1200mV 0C Model Hold Summary
 46. Fast 1200mV 0C Model Recovery Summary
 47. Fast 1200mV 0C Model Removal Summary
 48. Fast 1200mV 0C Model Minimum Pulse Width Summary
 49. Fast 1200mV 0C Model Setup: 'CLK'
 50. Fast 1200mV 0C Model Setup: 'inst52'
 51. Fast 1200mV 0C Model Hold: 'CLK'
 52. Fast 1200mV 0C Model Hold: 'inst52'
 53. Fast 1200mV 0C Model Recovery: 'CLK'
 54. Fast 1200mV 0C Model Recovery: 'inst52'
 55. Fast 1200mV 0C Model Removal: 'CLK'
 56. Fast 1200mV 0C Model Removal: 'inst52'
 57. Fast 1200mV 0C Model Minimum Pulse Width: 'CLK'
 58. Fast 1200mV 0C Model Minimum Pulse Width: 'inst52'
 59. Clock to Output Times
 60. Minimum Clock to Output Times
 61. Fast 1200mV 0C Model Metastability Report
 62. Multicorner Timing Analysis Summary
 63. Clock to Output Times
 64. Minimum Clock to Output Times
 65. Board Trace Model Assignments
 66. Input Transition Times
 67. Slow Corner Signal Integrity Metrics
 68. Fast Corner Signal Integrity Metrics
 69. Setup Transfers
 70. Hold Transfers
 71. Recovery Transfers
 72. Removal Transfers
 73. Report TCCS
 74. Report RSKM
 75. Unconstrained Paths
 76. TimeQuest Timing Analyzer Messages



----------------
; Legal Notice ;
----------------
Copyright (C) 1991-2013 Altera Corporation
Your use of Altera Corporation's design tools, logic functions 
and other software and tools, and its AMPP partner logic 
functions, and any output files from any of the foregoing 
(including device programming or simulation files), and any 
associated documentation or information are expressly subject 
to the terms and conditions of the Altera Program License 
Subscription Agreement, Altera MegaCore Function License 
Agreement, or other applicable license agreement, including, 
without limitation, that your use is for the sole purpose of 
programming logic devices manufactured by Altera and sold by 
Altera or its authorized distributors.  Please refer to the 
applicable agreement for further details.



+----------------------------------------------------------------------------------------+
; TimeQuest Timing Analyzer Summary                                                      ;
+--------------------+-------------------------------------------------------------------+
; Quartus II Version ; Version 13.0.1 Build 232 06/12/2013 Service Pack 1 SJ Web Edition ;
; Revision Name      ; ModCuatroTruncadoTres                                             ;
; Device Family      ; Cyclone III                                                       ;
; Device Name        ; EP3C16F484C6                                                      ;
; Timing Models      ; Final                                                             ;
; Delay Model        ; Combined                                                          ;
; Rise/Fall Delays   ; Enabled                                                           ;
+--------------------+-------------------------------------------------------------------+


Parallel compilation was disabled, but you have multiple processors available. Enable parallel compilation to reduce compilation time.
+-------------------------------------+
; Parallel Compilation                ;
+----------------------------+--------+
; Processors                 ; Number ;
+----------------------------+--------+
; Number detected on machine ; 8      ;
; Maximum allowed            ; 1      ;
+----------------------------+--------+


+------------------------------------------------------------------------------------------------------------------------------------------------------------------------------------+
; Clocks                                                                                                                                                                             ;
+------------+------+--------+------------+-------+-------+------------+-----------+-------------+-------+--------+-----------+------------+----------+--------+--------+------------+
; Clock Name ; Type ; Period ; Frequency  ; Rise  ; Fall  ; Duty Cycle ; Divide by ; Multiply by ; Phase ; Offset ; Edge List ; Edge Shift ; Inverted ; Master ; Source ; Targets    ;
+------------+------+--------+------------+-------+-------+------------+-----------+-------------+-------+--------+-----------+------------+----------+--------+--------+------------+
; CLK        ; Base ; 1.000  ; 1000.0 MHz ; 0.000 ; 0.500 ;            ;           ;             ;       ;        ;           ;            ;          ;        ;        ; { CLK }    ;
; inst52     ; Base ; 1.000  ; 1000.0 MHz ; 0.000 ; 0.500 ;            ;           ;             ;       ;        ;           ;            ;          ;        ;        ; { inst52 } ;
+------------+------+--------+------------+-------+-------+------------+-----------+-------------+-------+--------+-----------+------------+----------+--------+--------+------------+


+---------------------------------------------------------------------------------------------+
; Slow 1200mV 85C Model Fmax Summary                                                          ;
+-------------+-----------------+------------+------------------------------------------------+
; Fmax        ; Restricted Fmax ; Clock Name ; Note                                           ;
+-------------+-----------------+------------+------------------------------------------------+
; 1464.13 MHz ; 500.0 MHz       ; inst52     ; limit due to minimum period restriction (tmin) ;
+-------------+-----------------+------------+------------------------------------------------+
This panel reports FMAX for every clock in the design, regardless of the user-specified clock periods.  FMAX is only computed for paths where the source and destination registers or ports are driven by the same clock.  Paths of different clocks, including generated clocks, are ignored.  For paths between a clock and its inversion, FMAX is computed as if the rising and falling edges are scaled along with FMAX, such that the duty cycle (in terms of a percentage) is maintained. Altera recommends that you always use clock constraints and other slack reports for sign-off analysis.


----------------------------------
; Timing Closure Recommendations ;
----------------------------------
HTML report is unavailable in plain text report export.


+-------------------------------------+
; Slow 1200mV 85C Model Setup Summary ;
+--------+-------+--------------------+
; Clock  ; Slack ; End Point TNS      ;
+--------+-------+--------------------+
; CLK    ; 0.108 ; 0.000              ;
; inst52 ; 0.317 ; 0.000              ;
+--------+-------+--------------------+


+------------------------------------+
; Slow 1200mV 85C Model Hold Summary ;
+--------+--------+------------------+
; Clock  ; Slack  ; End Point TNS    ;
+--------+--------+------------------+
; CLK    ; -0.135 ; -0.135           ;
; inst52 ; 0.384  ; 0.000            ;
+--------+--------+------------------+


+----------------------------------------+
; Slow 1200mV 85C Model Recovery Summary ;
+--------+--------+----------------------+
; Clock  ; Slack  ; End Point TNS        ;
+--------+--------+----------------------+
; inst52 ; -0.576 ; -0.576               ;
; CLK    ; -0.204 ; -0.204               ;
+--------+--------+----------------------+


+---------------------------------------+
; Slow 1200mV 85C Model Removal Summary ;
+--------+--------+---------------------+
; Clock  ; Slack  ; End Point TNS       ;
+--------+--------+---------------------+
; CLK    ; -0.634 ; -0.634              ;
; inst52 ; 0.425  ; 0.000               ;
+--------+--------+---------------------+


+---------------------------------------------------+
; Slow 1200mV 85C Model Minimum Pulse Width Summary ;
+--------+--------+---------------------------------+
; Clock  ; Slack  ; End Point TNS                   ;
+--------+--------+---------------------------------+
; CLK    ; -3.000 ; -4.000                          ;
; inst52 ; -1.000 ; -1.000                          ;
+--------+--------+---------------------------------+


+---------------------------------------------------------------------------------------------------+
; Slow 1200mV 85C Model Setup: 'CLK'                                                                ;
+-------+-----------+---------+--------------+-------------+--------------+------------+------------+
; Slack ; From Node ; To Node ; Launch Clock ; Latch Clock ; Relationship ; Clock Skew ; Data Delay ;
+-------+-----------+---------+--------------+-------------+--------------+------------+------------+
; 0.108 ; inst52    ; inst52  ; inst52       ; CLK         ; 0.500        ; 1.704      ; 2.290      ;
; 0.628 ; inst52    ; inst52  ; inst52       ; CLK         ; 1.000        ; 1.704      ; 2.270      ;
+-------+-----------+---------+--------------+-------------+--------------+------------+------------+


+---------------------------------------------------------------------------------------------------+
; Slow 1200mV 85C Model Setup: 'inst52'                                                             ;
+-------+-----------+---------+--------------+-------------+--------------+------------+------------+
; Slack ; From Node ; To Node ; Launch Clock ; Latch Clock ; Relationship ; Clock Skew ; Data Delay ;
+-------+-----------+---------+--------------+-------------+--------------+------------+------------+
; 0.317 ; inst1     ; inst1   ; inst52       ; inst52      ; 1.000        ; -0.039     ; 0.659      ;
+-------+-----------+---------+--------------+-------------+--------------+------------+------------+


+----------------------------------------------------------------------------------------------------+
; Slow 1200mV 85C Model Hold: 'CLK'                                                                  ;
+--------+-----------+---------+--------------+-------------+--------------+------------+------------+
; Slack  ; From Node ; To Node ; Launch Clock ; Latch Clock ; Relationship ; Clock Skew ; Data Delay ;
+--------+-----------+---------+--------------+-------------+--------------+------------+------------+
; -0.135 ; inst52    ; inst52  ; inst52       ; CLK         ; 0.000        ; 1.770      ; 2.011      ;
; 0.411  ; inst52    ; inst52  ; inst52       ; CLK         ; -0.500       ; 1.770      ; 2.057      ;
+--------+-----------+---------+--------------+-------------+--------------+------------+------------+


+---------------------------------------------------------------------------------------------------+
; Slow 1200mV 85C Model Hold: 'inst52'                                                              ;
+-------+-----------+---------+--------------+-------------+--------------+------------+------------+
; Slack ; From Node ; To Node ; Launch Clock ; Latch Clock ; Relationship ; Clock Skew ; Data Delay ;
+-------+-----------+---------+--------------+-------------+--------------+------------+------------+
; 0.384 ; inst1     ; inst1   ; inst52       ; inst52      ; 0.000        ; 0.039      ; 0.580      ;
+-------+-----------+---------+--------------+-------------+--------------+------------+------------+


+----------------------------------------------------------------------------------------------------+
; Slow 1200mV 85C Model Recovery: 'inst52'                                                           ;
+--------+-----------+---------+--------------+-------------+--------------+------------+------------+
; Slack  ; From Node ; To Node ; Launch Clock ; Latch Clock ; Relationship ; Clock Skew ; Data Delay ;
+--------+-----------+---------+--------------+-------------+--------------+------------+------------+
; -0.576 ; inst1     ; inst1   ; inst52       ; inst52      ; 1.000        ; -0.039     ; 1.552      ;
; -0.060 ; inst52    ; inst1   ; inst52       ; inst52      ; 0.500        ; 0.799      ; 1.573      ;
; 0.310  ; inst52    ; inst1   ; inst52       ; inst52      ; 1.000        ; 0.799      ; 1.703      ;
+--------+-----------+---------+--------------+-------------+--------------+------------+------------+


+----------------------------------------------------------------------------------------------------+
; Slow 1200mV 85C Model Recovery: 'CLK'                                                              ;
+--------+-----------+---------+--------------+-------------+--------------+------------+------------+
; Slack  ; From Node ; To Node ; Launch Clock ; Latch Clock ; Relationship ; Clock Skew ; Data Delay ;
+--------+-----------+---------+--------------+-------------+--------------+------------+------------+
; -0.204 ; inst1     ; inst52  ; inst52       ; CLK         ; 0.500        ; 0.853      ; 1.552      ;
; 0.695  ; inst52    ; inst52  ; inst52       ; CLK         ; 0.500        ; 1.704      ; 1.703      ;
; 1.325  ; inst52    ; inst52  ; inst52       ; CLK         ; 1.000        ; 1.704      ; 1.573      ;
+--------+-----------+---------+--------------+-------------+--------------+------------+------------+


+----------------------------------------------------------------------------------------------------+
; Slow 1200mV 85C Model Removal: 'CLK'                                                               ;
+--------+-----------+---------+--------------+-------------+--------------+------------+------------+
; Slack  ; From Node ; To Node ; Launch Clock ; Latch Clock ; Relationship ; Clock Skew ; Data Delay ;
+--------+-----------+---------+--------------+-------------+--------------+------------+------------+
; -0.634 ; inst52    ; inst52  ; inst52       ; CLK         ; 0.000        ; 1.770      ; 1.512      ;
; -0.014 ; inst52    ; inst52  ; inst52       ; CLK         ; -0.500       ; 1.770      ; 1.632      ;
; 0.750  ; inst1     ; inst52  ; inst52       ; CLK         ; -0.500       ; 0.971      ; 1.398      ;
+--------+-----------+---------+--------------+-------------+--------------+------------+------------+


+---------------------------------------------------------------------------------------------------+
; Slow 1200mV 85C Model Removal: 'inst52'                                                           ;
+-------+-----------+---------+--------------+-------------+--------------+------------+------------+
; Slack ; From Node ; To Node ; Launch Clock ; Latch Clock ; Relationship ; Clock Skew ; Data Delay ;
+-------+-----------+---------+--------------+-------------+--------------+------------+------------+
; 0.425 ; inst52    ; inst1   ; inst52       ; inst52      ; 0.000        ; 0.851      ; 1.632      ;
; 0.805 ; inst52    ; inst1   ; inst52       ; inst52      ; -0.500       ; 0.851      ; 1.512      ;
; 1.202 ; inst1     ; inst1   ; inst52       ; inst52      ; 0.000        ; 0.039      ; 1.398      ;
+-------+-----------+---------+--------------+-------------+--------------+------------+------------+


+----------------------------------------------------------------------------------------------+
; Slow 1200mV 85C Model Minimum Pulse Width: 'CLK'                                             ;
+--------+--------------+----------------+------------------+-------+------------+-------------+
; Slack  ; Actual Width ; Required Width ; Type             ; Clock ; Clock Edge ; Target      ;
+--------+--------------+----------------+------------------+-------+------------+-------------+
; -3.000 ; 1.000        ; 4.000          ; Port Rate        ; CLK   ; Rise       ; CLK         ;
; -1.000 ; 1.000        ; 2.000          ; Min Period       ; CLK   ; Rise       ; inst52      ;
; 0.183  ; 0.367        ; 0.184          ; Low Pulse Width  ; CLK   ; Rise       ; inst52      ;
; 0.339  ; 0.339        ; 0.000          ; Low Pulse Width  ; CLK   ; Rise       ; CLK~input|o ;
; 0.343  ; 0.343        ; 0.000          ; Low Pulse Width  ; CLK   ; Rise       ; inst52|clk  ;
; 0.416  ; 0.632        ; 0.216          ; High Pulse Width ; CLK   ; Rise       ; inst52      ;
; 0.500  ; 0.500        ; 0.000          ; High Pulse Width ; CLK   ; Rise       ; CLK~input|i ;
; 0.500  ; 0.500        ; 0.000          ; Low Pulse Width  ; CLK   ; Rise       ; CLK~input|i ;
; 0.654  ; 0.654        ; 0.000          ; High Pulse Width ; CLK   ; Rise       ; inst52|clk  ;
; 0.661  ; 0.661        ; 0.000          ; High Pulse Width ; CLK   ; Rise       ; CLK~input|o ;
+--------+--------------+----------------+------------------+-------+------------+-------------+


+---------------------------------------------------------------------------------------------+
; Slow 1200mV 85C Model Minimum Pulse Width: 'inst52'                                         ;
+--------+--------------+----------------+------------------+--------+------------+-----------+
; Slack  ; Actual Width ; Required Width ; Type             ; Clock  ; Clock Edge ; Target    ;
+--------+--------------+----------------+------------------+--------+------------+-----------+
; -1.000 ; 1.000        ; 2.000          ; Min Period       ; inst52 ; Fall       ; inst1     ;
; 0.224  ; 0.440        ; 0.216          ; High Pulse Width ; inst52 ; Fall       ; inst1     ;
; 0.376  ; 0.560        ; 0.184          ; Low Pulse Width  ; inst52 ; Fall       ; inst1     ;
; 0.431  ; 0.431        ; 0.000          ; Low Pulse Width  ; inst52 ; Rise       ; inst1|clk ;
; 0.500  ; 0.500        ; 0.000          ; High Pulse Width ; inst52 ; Rise       ; inst52|q  ;
; 0.500  ; 0.500        ; 0.000          ; Low Pulse Width  ; inst52 ; Rise       ; inst52|q  ;
; 0.566  ; 0.566        ; 0.000          ; High Pulse Width ; inst52 ; Rise       ; inst1|clk ;
+--------+--------------+----------------+------------------+--------+------------+-----------+


+-----------------------------------------------------------------------+
; Clock to Output Times                                                 ;
+-----------+------------+-------+-------+------------+-----------------+
; Data Port ; Clock Port ; Rise  ; Fall  ; Clock Edge ; Clock Reference ;
+-----------+------------+-------+-------+------------+-----------------+
; Q0        ; inst52     ; 2.608 ;       ; Rise       ; inst52          ;
; Q0        ; inst52     ;       ; 2.646 ; Fall       ; inst52          ;
; Q1        ; inst52     ; 3.651 ; 3.685 ; Fall       ; inst52          ;
+-----------+------------+-------+-------+------------+-----------------+


+-----------------------------------------------------------------------+
; Minimum Clock to Output Times                                         ;
+-----------+------------+-------+-------+------------+-----------------+
; Data Port ; Clock Port ; Rise  ; Fall  ; Clock Edge ; Clock Reference ;
+-----------+------------+-------+-------+------------+-----------------+
; Q0        ; inst52     ; 2.593 ;       ; Rise       ; inst52          ;
; Q0        ; inst52     ;       ; 2.628 ; Fall       ; inst52          ;
; Q1        ; inst52     ; 3.584 ; 3.616 ; Fall       ; inst52          ;
+-----------+------------+-------+-------+------------+-----------------+


----------------------------------------------
; Slow 1200mV 85C Model Metastability Report ;
----------------------------------------------
No synchronizer chains to report.


+---------------------------------------------------------------------------------------------+
; Slow 1200mV 0C Model Fmax Summary                                                           ;
+-------------+-----------------+------------+------------------------------------------------+
; Fmax        ; Restricted Fmax ; Clock Name ; Note                                           ;
+-------------+-----------------+------------+------------------------------------------------+
; 1661.13 MHz ; 500.0 MHz       ; inst52     ; limit due to minimum period restriction (tmin) ;
+-------------+-----------------+------------+------------------------------------------------+
This panel reports FMAX for every clock in the design, regardless of the user-specified clock periods.  FMAX is only computed for paths where the source and destination registers or ports are driven by the same clock.  Paths of different clocks, including generated clocks, are ignored.  For paths between a clock and its inversion, FMAX is computed as if the rising and falling edges are scaled along with FMAX, such that the duty cycle (in terms of a percentage) is maintained. Altera recommends that you always use clock constraints and other slack reports for sign-off analysis.


+------------------------------------+
; Slow 1200mV 0C Model Setup Summary ;
+--------+-------+-------------------+
; Clock  ; Slack ; End Point TNS     ;
+--------+-------+-------------------+
; CLK    ; 0.238 ; 0.000             ;
; inst52 ; 0.398 ; 0.000             ;
+--------+-------+-------------------+


+-----------------------------------+
; Slow 1200mV 0C Model Hold Summary ;
+--------+--------+-----------------+
; Clock  ; Slack  ; End Point TNS   ;
+--------+--------+-----------------+
; CLK    ; -0.203 ; -0.203          ;
; inst52 ; 0.341  ; 0.000           ;
+--------+--------+-----------------+


+---------------------------------------+
; Slow 1200mV 0C Model Recovery Summary ;
+--------+--------+---------------------+
; Clock  ; Slack  ; End Point TNS       ;
+--------+--------+---------------------+
; inst52 ; -0.410 ; -0.410              ;
; CLK    ; -0.037 ; -0.037              ;
+--------+--------+---------------------+


+--------------------------------------+
; Slow 1200mV 0C Model Removal Summary ;
+--------+--------+--------------------+
; Clock  ; Slack  ; End Point TNS      ;
+--------+--------+--------------------+
; CLK    ; -0.660 ; -0.660             ;
; inst52 ; 0.381  ; 0.000              ;
+--------+--------+--------------------+


+--------------------------------------------------+
; Slow 1200mV 0C Model Minimum Pulse Width Summary ;
+--------+--------+--------------------------------+
; Clock  ; Slack  ; End Point TNS                  ;
+--------+--------+--------------------------------+
; CLK    ; -3.000 ; -4.000                         ;
; inst52 ; -1.000 ; -1.000                         ;
+--------+--------+--------------------------------+


+---------------------------------------------------------------------------------------------------+
; Slow 1200mV 0C Model Setup: 'CLK'                                                                 ;
+-------+-----------+---------+--------------+-------------+--------------+------------+------------+
; Slack ; From Node ; To Node ; Launch Clock ; Latch Clock ; Relationship ; Clock Skew ; Data Delay ;
+-------+-----------+---------+--------------+-------------+--------------+------------+------------+
; 0.238 ; inst52    ; inst52  ; inst52       ; CLK         ; 0.500        ; 1.619      ; 2.056      ;
; 0.751 ; inst52    ; inst52  ; inst52       ; CLK         ; 1.000        ; 1.619      ; 2.043      ;
+-------+-----------+---------+--------------+-------------+--------------+------------+------------+


+---------------------------------------------------------------------------------------------------+
; Slow 1200mV 0C Model Setup: 'inst52'                                                              ;
+-------+-----------+---------+--------------+-------------+--------------+------------+------------+
; Slack ; From Node ; To Node ; Launch Clock ; Latch Clock ; Relationship ; Clock Skew ; Data Delay ;
+-------+-----------+---------+--------------+-------------+--------------+------------+------------+
; 0.398 ; inst1     ; inst1   ; inst52       ; inst52      ; 1.000        ; -0.034     ; 0.583      ;
+-------+-----------+---------+--------------+-------------+--------------+------------+------------+


+----------------------------------------------------------------------------------------------------+
; Slow 1200mV 0C Model Hold: 'CLK'                                                                   ;
+--------+-----------+---------+--------------+-------------+--------------+------------+------------+
; Slack  ; From Node ; To Node ; Launch Clock ; Latch Clock ; Relationship ; Clock Skew ; Data Delay ;
+--------+-----------+---------+--------------+-------------+--------------+------------+------------+
; -0.203 ; inst52    ; inst52  ; inst52       ; CLK         ; 0.000        ; 1.675      ; 1.816      ;
; 0.326  ; inst52    ; inst52  ; inst52       ; CLK         ; -0.500       ; 1.675      ; 1.845      ;
+--------+-----------+---------+--------------+-------------+--------------+------------+------------+


+---------------------------------------------------------------------------------------------------+
; Slow 1200mV 0C Model Hold: 'inst52'                                                               ;
+-------+-----------+---------+--------------+-------------+--------------+------------+------------+
; Slack ; From Node ; To Node ; Launch Clock ; Latch Clock ; Relationship ; Clock Skew ; Data Delay ;
+-------+-----------+---------+--------------+-------------+--------------+------------+------------+
; 0.341 ; inst1     ; inst1   ; inst52       ; inst52      ; 0.000        ; 0.034      ; 0.519      ;
+-------+-----------+---------+--------------+-------------+--------------+------------+------------+


+----------------------------------------------------------------------------------------------------+
; Slow 1200mV 0C Model Recovery: 'inst52'                                                            ;
+--------+-----------+---------+--------------+-------------+--------------+------------+------------+
; Slack  ; From Node ; To Node ; Launch Clock ; Latch Clock ; Relationship ; Clock Skew ; Data Delay ;
+--------+-----------+---------+--------------+-------------+--------------+------------+------------+
; -0.410 ; inst1     ; inst1   ; inst52       ; inst52      ; 1.000        ; -0.034     ; 1.391      ;
; -0.006 ; inst52    ; inst1   ; inst52       ; inst52      ; 0.500        ; 0.715      ; 1.416      ;
; 0.379  ; inst52    ; inst1   ; inst52       ; inst52      ; 1.000        ; 0.715      ; 1.531      ;
+--------+-----------+---------+--------------+-------------+--------------+------------+------------+


+----------------------------------------------------------------------------------------------------+
; Slow 1200mV 0C Model Recovery: 'CLK'                                                               ;
+--------+-----------+---------+--------------+-------------+--------------+------------+------------+
; Slack  ; From Node ; To Node ; Launch Clock ; Latch Clock ; Relationship ; Clock Skew ; Data Delay ;
+--------+-----------+---------+--------------+-------------+--------------+------------+------------+
; -0.037 ; inst1     ; inst52  ; inst52       ; CLK         ; 0.500        ; 0.859      ; 1.391      ;
; 0.763  ; inst52    ; inst52  ; inst52       ; CLK         ; 0.500        ; 1.619      ; 1.531      ;
; 1.378  ; inst52    ; inst52  ; inst52       ; CLK         ; 1.000        ; 1.619      ; 1.416      ;
+--------+-----------+---------+--------------+-------------+--------------+------------+------------+


+----------------------------------------------------------------------------------------------------+
; Slow 1200mV 0C Model Removal: 'CLK'                                                                ;
+--------+-----------+---------+--------------+-------------+--------------+------------+------------+
; Slack  ; From Node ; To Node ; Launch Clock ; Latch Clock ; Relationship ; Clock Skew ; Data Delay ;
+--------+-----------+---------+--------------+-------------+--------------+------------+------------+
; -0.660 ; inst52    ; inst52  ; inst52       ; CLK         ; 0.000        ; 1.675      ; 1.359      ;
; -0.054 ; inst52    ; inst52  ; inst52       ; CLK         ; -0.500       ; 1.675      ; 1.465      ;
; 0.635  ; inst1     ; inst52  ; inst52       ; CLK         ; -0.500       ; 0.960      ; 1.259      ;
+--------+-----------+---------+--------------+-------------+--------------+------------+------------+


+---------------------------------------------------------------------------------------------------+
; Slow 1200mV 0C Model Removal: 'inst52'                                                            ;
+-------+-----------+---------+--------------+-------------+--------------+------------+------------+
; Slack ; From Node ; To Node ; Launch Clock ; Latch Clock ; Relationship ; Clock Skew ; Data Delay ;
+-------+-----------+---------+--------------+-------------+--------------+------------+------------+
; 0.381 ; inst52    ; inst1   ; inst52       ; inst52      ; 0.000        ; 0.760      ; 1.465      ;
; 0.775 ; inst52    ; inst1   ; inst52       ; inst52      ; -0.500       ; 0.760      ; 1.359      ;
; 1.081 ; inst1     ; inst1   ; inst52       ; inst52      ; 0.000        ; 0.034      ; 1.259      ;
+-------+-----------+---------+--------------+-------------+--------------+------------+------------+


+----------------------------------------------------------------------------------------------+
; Slow 1200mV 0C Model Minimum Pulse Width: 'CLK'                                              ;
+--------+--------------+----------------+------------------+-------+------------+-------------+
; Slack  ; Actual Width ; Required Width ; Type             ; Clock ; Clock Edge ; Target      ;
+--------+--------------+----------------+------------------+-------+------------+-------------+
; -3.000 ; 1.000        ; 4.000          ; Port Rate        ; CLK   ; Rise       ; CLK         ;
; -1.000 ; 1.000        ; 2.000          ; Min Period       ; CLK   ; Rise       ; inst52      ;
; 0.199  ; 0.383        ; 0.184          ; Low Pulse Width  ; CLK   ; Rise       ; inst52      ;
; 0.339  ; 0.339        ; 0.000          ; Low Pulse Width  ; CLK   ; Rise       ; CLK~input|o ;
; 0.359  ; 0.359        ; 0.000          ; Low Pulse Width  ; CLK   ; Rise       ; inst52|clk  ;
; 0.401  ; 0.617        ; 0.216          ; High Pulse Width ; CLK   ; Rise       ; inst52      ;
; 0.500  ; 0.500        ; 0.000          ; High Pulse Width ; CLK   ; Rise       ; CLK~input|i ;
; 0.500  ; 0.500        ; 0.000          ; Low Pulse Width  ; CLK   ; Rise       ; CLK~input|i ;
; 0.641  ; 0.641        ; 0.000          ; High Pulse Width ; CLK   ; Rise       ; inst52|clk  ;
; 0.661  ; 0.661        ; 0.000          ; High Pulse Width ; CLK   ; Rise       ; CLK~input|o ;
+--------+--------------+----------------+------------------+-------+------------+-------------+


+---------------------------------------------------------------------------------------------+
; Slow 1200mV 0C Model Minimum Pulse Width: 'inst52'                                          ;
+--------+--------------+----------------+------------------+--------+------------+-----------+
; Slack  ; Actual Width ; Required Width ; Type             ; Clock  ; Clock Edge ; Target    ;
+--------+--------------+----------------+------------------+--------+------------+-----------+
; -1.000 ; 1.000        ; 2.000          ; Min Period       ; inst52 ; Fall       ; inst1     ;
; 0.240  ; 0.456        ; 0.216          ; High Pulse Width ; inst52 ; Fall       ; inst1     ;
; 0.360  ; 0.544        ; 0.184          ; Low Pulse Width  ; inst52 ; Fall       ; inst1     ;
; 0.441  ; 0.441        ; 0.000          ; Low Pulse Width  ; inst52 ; Rise       ; inst1|clk ;
; 0.500  ; 0.500        ; 0.000          ; High Pulse Width ; inst52 ; Rise       ; inst52|q  ;
; 0.500  ; 0.500        ; 0.000          ; Low Pulse Width  ; inst52 ; Rise       ; inst52|q  ;
; 0.558  ; 0.558        ; 0.000          ; High Pulse Width ; inst52 ; Rise       ; inst1|clk ;
+--------+--------------+----------------+------------------+--------+------------+-----------+


+-----------------------------------------------------------------------+
; Clock to Output Times                                                 ;
+-----------+------------+-------+-------+------------+-----------------+
; Data Port ; Clock Port ; Rise  ; Fall  ; Clock Edge ; Clock Reference ;
+-----------+------------+-------+-------+------------+-----------------+
; Q0        ; inst52     ; 2.574 ;       ; Rise       ; inst52          ;
; Q0        ; inst52     ;       ; 2.593 ; Fall       ; inst52          ;
; Q1        ; inst52     ; 3.508 ; 3.524 ; Fall       ; inst52          ;
+-----------+------------+-------+-------+------------+-----------------+


+-----------------------------------------------------------------------+
; Minimum Clock to Output Times                                         ;
+-----------+------------+-------+-------+------------+-----------------+
; Data Port ; Clock Port ; Rise  ; Fall  ; Clock Edge ; Clock Reference ;
+-----------+------------+-------+-------+------------+-----------------+
; Q0        ; inst52     ; 2.560 ;       ; Rise       ; inst52          ;
; Q0        ; inst52     ;       ; 2.578 ; Fall       ; inst52          ;
; Q1        ; inst52     ; 3.449 ; 3.464 ; Fall       ; inst52          ;
+-----------+------------+-------+-------+------------+-----------------+


---------------------------------------------
; Slow 1200mV 0C Model Metastability Report ;
---------------------------------------------
No synchronizer chains to report.


+------------------------------------+
; Fast 1200mV 0C Model Setup Summary ;
+--------+-------+-------------------+
; Clock  ; Slack ; End Point TNS     ;
+--------+-------+-------------------+
; CLK    ; 0.261 ; 0.000             ;
; inst52 ; 0.624 ; 0.000             ;
+--------+-------+-------------------+


+-----------------------------------+
; Fast 1200mV 0C Model Hold Summary ;
+--------+--------+-----------------+
; Clock  ; Slack  ; End Point TNS   ;
+--------+--------+-----------------+
; CLK    ; -0.064 ; -0.064          ;
; inst52 ; 0.206  ; 0.000           ;
+--------+--------+-----------------+


+---------------------------------------+
; Fast 1200mV 0C Model Recovery Summary ;
+--------+-------+----------------------+
; Clock  ; Slack ; End Point TNS        ;
+--------+-------+----------------------+
; CLK    ; 0.054 ; 0.000                ;
; inst52 ; 0.121 ; 0.000                ;
+--------+-------+----------------------+


+--------------------------------------+
; Fast 1200mV 0C Model Removal Summary ;
+--------+--------+--------------------+
; Clock  ; Slack  ; End Point TNS      ;
+--------+--------+--------------------+
; CLK    ; -0.332 ; -0.332             ;
; inst52 ; 0.226  ; 0.000              ;
+--------+--------+--------------------+


+--------------------------------------------------+
; Fast 1200mV 0C Model Minimum Pulse Width Summary ;
+--------+--------+--------------------------------+
; Clock  ; Slack  ; End Point TNS                  ;
+--------+--------+--------------------------------+
; CLK    ; -3.000 ; -4.082                         ;
; inst52 ; -1.000 ; -1.000                         ;
+--------+--------+--------------------------------+


+---------------------------------------------------------------------------------------------------+
; Fast 1200mV 0C Model Setup: 'CLK'                                                                 ;
+-------+-----------+---------+--------------+-------------+--------------+------------+------------+
; Slack ; From Node ; To Node ; Launch Clock ; Latch Clock ; Relationship ; Clock Skew ; Data Delay ;
+-------+-----------+---------+--------------+-------------+--------------+------------+------------+
; 0.261 ; inst52    ; inst52  ; inst52       ; CLK         ; 0.500        ; 0.916      ; 1.247      ;
; 0.762 ; inst52    ; inst52  ; inst52       ; CLK         ; 1.000        ; 0.916      ; 1.246      ;
+-------+-----------+---------+--------------+-------------+--------------+------------+------------+


+---------------------------------------------------------------------------------------------------+
; Fast 1200mV 0C Model Setup: 'inst52'                                                              ;
+-------+-----------+---------+--------------+-------------+--------------+------------+------------+
; Slack ; From Node ; To Node ; Launch Clock ; Latch Clock ; Relationship ; Clock Skew ; Data Delay ;
+-------+-----------+---------+--------------+-------------+--------------+------------+------------+
; 0.624 ; inst1     ; inst1   ; inst52       ; inst52      ; 1.000        ; -0.024     ; 0.359      ;
+-------+-----------+---------+--------------+-------------+--------------+------------+------------+


+----------------------------------------------------------------------------------------------------+
; Fast 1200mV 0C Model Hold: 'CLK'                                                                   ;
+--------+-----------+---------+--------------+-------------+--------------+------------+------------+
; Slack  ; From Node ; To Node ; Launch Clock ; Latch Clock ; Relationship ; Clock Skew ; Data Delay ;
+--------+-----------+---------+--------------+-------------+--------------+------------+------------+
; -0.064 ; inst52    ; inst52  ; inst52       ; CLK         ; 0.000        ; 0.954      ; 1.099      ;
; 0.451  ; inst52    ; inst52  ; inst52       ; CLK         ; -0.500       ; 0.954      ; 1.114      ;
+--------+-----------+---------+--------------+-------------+--------------+------------+------------+


+---------------------------------------------------------------------------------------------------+
; Fast 1200mV 0C Model Hold: 'inst52'                                                               ;
+-------+-----------+---------+--------------+-------------+--------------+------------+------------+
; Slack ; From Node ; To Node ; Launch Clock ; Latch Clock ; Relationship ; Clock Skew ; Data Delay ;
+-------+-----------+---------+--------------+-------------+--------------+------------+------------+
; 0.206 ; inst1     ; inst1   ; inst52       ; inst52      ; 0.000        ; 0.024      ; 0.314      ;
+-------+-----------+---------+--------------+-------------+--------------+------------+------------+


+---------------------------------------------------------------------------------------------------+
; Fast 1200mV 0C Model Recovery: 'CLK'                                                              ;
+-------+-----------+---------+--------------+-------------+--------------+------------+------------+
; Slack ; From Node ; To Node ; Launch Clock ; Latch Clock ; Relationship ; Clock Skew ; Data Delay ;
+-------+-----------+---------+--------------+-------------+--------------+------------+------------+
; 0.054 ; inst1     ; inst52  ; inst52       ; CLK         ; 0.500        ; 0.429      ; 0.862      ;
; 0.564 ; inst52    ; inst52  ; inst52       ; CLK         ; 0.500        ; 0.916      ; 0.944      ;
; 1.142 ; inst52    ; inst52  ; inst52       ; CLK         ; 1.000        ; 0.916      ; 0.866      ;
+-------+-----------+---------+--------------+-------------+--------------+------------+------------+


+---------------------------------------------------------------------------------------------------+
; Fast 1200mV 0C Model Recovery: 'inst52'                                                           ;
+-------+-----------+---------+--------------+-------------+--------------+------------+------------+
; Slack ; From Node ; To Node ; Launch Clock ; Latch Clock ; Relationship ; Clock Skew ; Data Delay ;
+-------+-----------+---------+--------------+-------------+--------------+------------+------------+
; 0.121 ; inst1     ; inst1   ; inst52       ; inst52      ; 1.000        ; -0.024     ; 0.862      ;
; 0.202 ; inst52    ; inst1   ; inst52       ; inst52      ; 0.500        ; 0.456      ; 0.866      ;
; 0.624 ; inst52    ; inst1   ; inst52       ; inst52      ; 1.000        ; 0.456      ; 0.944      ;
+-------+-----------+---------+--------------+-------------+--------------+------------+------------+


+----------------------------------------------------------------------------------------------------+
; Fast 1200mV 0C Model Removal: 'CLK'                                                                ;
+--------+-----------+---------+--------------+-------------+--------------+------------+------------+
; Slack  ; From Node ; To Node ; Launch Clock ; Latch Clock ; Relationship ; Clock Skew ; Data Delay ;
+--------+-----------+---------+--------------+-------------+--------------+------------+------------+
; -0.332 ; inst52    ; inst52  ; inst52       ; CLK         ; 0.000        ; 0.954      ; 0.831      ;
; 0.239  ; inst52    ; inst52  ; inst52       ; CLK         ; -0.500       ; 0.954      ; 0.902      ;
; 0.664  ; inst1     ; inst52  ; inst52       ; CLK         ; -0.500       ; 0.498      ; 0.766      ;
+--------+-----------+---------+--------------+-------------+--------------+------------+------------+


+---------------------------------------------------------------------------------------------------+
; Fast 1200mV 0C Model Removal: 'inst52'                                                            ;
+-------+-----------+---------+--------------+-------------+--------------+------------+------------+
; Slack ; From Node ; To Node ; Launch Clock ; Latch Clock ; Relationship ; Clock Skew ; Data Delay ;
+-------+-----------+---------+--------------+-------------+--------------+------------+------------+
; 0.226 ; inst52    ; inst1   ; inst52       ; inst52      ; 0.000        ; 0.487      ; 0.902      ;
; 0.655 ; inst52    ; inst1   ; inst52       ; inst52      ; -0.500       ; 0.487      ; 0.831      ;
; 0.658 ; inst1     ; inst1   ; inst52       ; inst52      ; 0.000        ; 0.024      ; 0.766      ;
+-------+-----------+---------+--------------+-------------+--------------+------------+------------+


+----------------------------------------------------------------------------------------------+
; Fast 1200mV 0C Model Minimum Pulse Width: 'CLK'                                              ;
+--------+--------------+----------------+------------------+-------+------------+-------------+
; Slack  ; Actual Width ; Required Width ; Type             ; Clock ; Clock Edge ; Target      ;
+--------+--------------+----------------+------------------+-------+------------+-------------+
; -3.000 ; 1.000        ; 4.000          ; Port Rate        ; CLK   ; Rise       ; CLK         ;
; -1.000 ; 1.000        ; 2.000          ; Min Period       ; CLK   ; Rise       ; inst52      ;
; -0.082 ; 0.102        ; 0.184          ; Low Pulse Width  ; CLK   ; Rise       ; inst52      ;
; 0.097  ; 0.097        ; 0.000          ; Low Pulse Width  ; CLK   ; Rise       ; inst52|clk  ;
; 0.118  ; 0.118        ; 0.000          ; Low Pulse Width  ; CLK   ; Rise       ; CLK~input|o ;
; 0.500  ; 0.500        ; 0.000          ; High Pulse Width ; CLK   ; Rise       ; CLK~input|i ;
; 0.500  ; 0.500        ; 0.000          ; Low Pulse Width  ; CLK   ; Rise       ; CLK~input|i ;
; 0.681  ; 0.897        ; 0.216          ; High Pulse Width ; CLK   ; Rise       ; inst52      ;
; 0.882  ; 0.882        ; 0.000          ; High Pulse Width ; CLK   ; Rise       ; CLK~input|o ;
; 0.902  ; 0.902        ; 0.000          ; High Pulse Width ; CLK   ; Rise       ; inst52|clk  ;
+--------+--------------+----------------+------------------+-------+------------+-------------+


+---------------------------------------------------------------------------------------------+
; Fast 1200mV 0C Model Minimum Pulse Width: 'inst52'                                          ;
+--------+--------------+----------------+------------------+--------+------------+-----------+
; Slack  ; Actual Width ; Required Width ; Type             ; Clock  ; Clock Edge ; Target    ;
+--------+--------------+----------------+------------------+--------+------------+-----------+
; -1.000 ; 1.000        ; 2.000          ; Min Period       ; inst52 ; Fall       ; inst1     ;
; 0.242  ; 0.458        ; 0.216          ; High Pulse Width ; inst52 ; Fall       ; inst1     ;
; 0.358  ; 0.542        ; 0.184          ; Low Pulse Width  ; inst52 ; Fall       ; inst1     ;
; 0.463  ; 0.463        ; 0.000          ; Low Pulse Width  ; inst52 ; Rise       ; inst1|clk ;
; 0.500  ; 0.500        ; 0.000          ; High Pulse Width ; inst52 ; Rise       ; inst52|q  ;
; 0.500  ; 0.500        ; 0.000          ; Low Pulse Width  ; inst52 ; Rise       ; inst52|q  ;
; 0.536  ; 0.536        ; 0.000          ; High Pulse Width ; inst52 ; Rise       ; inst1|clk ;
+--------+--------------+----------------+------------------+--------+------------+-----------+


+-----------------------------------------------------------------------+
; Clock to Output Times                                                 ;
+-----------+------------+-------+-------+------------+-----------------+
; Data Port ; Clock Port ; Rise  ; Fall  ; Clock Edge ; Clock Reference ;
+-----------+------------+-------+-------+------------+-----------------+
; Q0        ; inst52     ; 1.661 ;       ; Rise       ; inst52          ;
; Q0        ; inst52     ;       ; 1.685 ; Fall       ; inst52          ;
; Q1        ; inst52     ; 2.248 ; 2.270 ; Fall       ; inst52          ;
+-----------+------------+-------+-------+------------+-----------------+


+-----------------------------------------------------------------------+
; Minimum Clock to Output Times                                         ;
+-----------+------------+-------+-------+------------+-----------------+
; Data Port ; Clock Port ; Rise  ; Fall  ; Clock Edge ; Clock Reference ;
+-----------+------------+-------+-------+------------+-----------------+
; Q0        ; inst52     ; 1.653 ;       ; Rise       ; inst52          ;
; Q0        ; inst52     ;       ; 1.675 ; Fall       ; inst52          ;
; Q1        ; inst52     ; 2.209 ; 2.229 ; Fall       ; inst52          ;
+-----------+------------+-------+-------+------------+-----------------+


---------------------------------------------
; Fast 1200mV 0C Model Metastability Report ;
---------------------------------------------
No synchronizer chains to report.


+------------------------------------------------------------------------------+
; Multicorner Timing Analysis Summary                                          ;
+------------------+-------+--------+----------+---------+---------------------+
; Clock            ; Setup ; Hold   ; Recovery ; Removal ; Minimum Pulse Width ;
+------------------+-------+--------+----------+---------+---------------------+
; Worst-case Slack ; 0.108 ; -0.203 ; -0.576   ; -0.660  ; -3.000              ;
;  CLK             ; 0.108 ; -0.203 ; -0.204   ; -0.660  ; -3.000              ;
;  inst52          ; 0.317 ; 0.206  ; -0.576   ; 0.226   ; -1.000              ;
; Design-wide TNS  ; 0.0   ; -0.203 ; -0.78    ; -0.66   ; -5.082              ;
;  CLK             ; 0.000 ; -0.203 ; -0.204   ; -0.660  ; -4.082              ;
;  inst52          ; 0.000 ; 0.000  ; -0.576   ; 0.000   ; -1.000              ;
+------------------+-------+--------+----------+---------+---------------------+


+-----------------------------------------------------------------------+
; Clock to Output Times                                                 ;
+-----------+------------+-------+-------+------------+-----------------+
; Data Port ; Clock Port ; Rise  ; Fall  ; Clock Edge ; Clock Reference ;
+-----------+------------+-------+-------+------------+-----------------+
; Q0        ; inst52     ; 2.608 ;       ; Rise       ; inst52          ;
; Q0        ; inst52     ;       ; 2.646 ; Fall       ; inst52          ;
; Q1        ; inst52     ; 3.651 ; 3.685 ; Fall       ; inst52          ;
+-----------+------------+-------+-------+------------+-----------------+


+-----------------------------------------------------------------------+
; Minimum Clock to Output Times                                         ;
+-----------+------------+-------+-------+------------+-----------------+
; Data Port ; Clock Port ; Rise  ; Fall  ; Clock Edge ; Clock Reference ;
+-----------+------------+-------+-------+------------+-----------------+
; Q0        ; inst52     ; 1.653 ;       ; Rise       ; inst52          ;
; Q0        ; inst52     ;       ; 1.675 ; Fall       ; inst52          ;
; Q1        ; inst52     ; 2.209 ; 2.229 ; Fall       ; inst52          ;
+-----------+------------+-------+-------+------------+-----------------+


+------------------------------------------------------------------------------------------------------------------------------------------------------------------------------------------------------------------------------------------------------------------------------------------------------------------------------------------------------------------------------------------------------------------+
; Board Trace Model Assignments                                                                                                                                                                                                                                                                                                                                                                                    ;
+---------------+--------------+-------------------+-------------------------+-------------------------+---------------+---------------------+----------------+------------------+--------+------------------+------------------------+------------------------+--------------+---------------+-----------------+-------+---------------------+--------------------+---------------+-----------------+-------------+
; Pin           ; I/O Standard ; Near Tline Length ; Near Tline L per Length ; Near Tline C per Length ; Near Series R ; Near Differential R ; Near Pull-up R ; Near Pull-down R ; Near C ; Far Tline Length ; Far Tline L per Length ; Far Tline C per Length ; Far Series R ; Far Pull-up R ; Far Pull-down R ; Far C ; Termination Voltage ; Far Differential R ; EBD File Name ; EBD Signal Name ; EBD Far-end ;
+---------------+--------------+-------------------+-------------------------+-------------------------+---------------+---------------------+----------------+------------------+--------+------------------+------------------------+------------------------+--------------+---------------+-----------------+-------+---------------------+--------------------+---------------+-----------------+-------------+
; Q0            ; 2.5 V        ; 0 in              ; 0 H/in                  ; 0 F/in                  ; short         ; -                   ; open           ; open             ; open   ; 0 in             ; 0 H/in                 ; 0 F/in                 ; short        ; open          ; open            ; open  ; 0 V                 ; -                  ; n/a           ; n/a             ; n/a         ;
; Q1            ; 2.5 V        ; 0 in              ; 0 H/in                  ; 0 F/in                  ; short         ; -                   ; open           ; open             ; open   ; 0 in             ; 0 H/in                 ; 0 F/in                 ; short        ; open          ; open            ; open  ; 0 V                 ; -                  ; n/a           ; n/a             ; n/a         ;
; ~ALTERA_DCLK~ ; 2.5 V        ; 0 in              ; 0 H/in                  ; 0 F/in                  ; short         ; -                   ; open           ; open             ; open   ; 0 in             ; 0 H/in                 ; 0 F/in                 ; short        ; open          ; open            ; open  ; 0 V                 ; -                  ; n/a           ; n/a             ; n/a         ;
; ~ALTERA_nCEO~ ; 2.5 V        ; 0 in              ; 0 H/in                  ; 0 F/in                  ; short         ; -                   ; open           ; open             ; open   ; 0 in             ; 0 H/in                 ; 0 F/in                 ; short        ; open          ; open            ; open  ; 0 V                 ; -                  ; n/a           ; n/a             ; n/a         ;
+---------------+--------------+-------------------+-------------------------+-------------------------+---------------+---------------------+----------------+------------------+--------+------------------+------------------------+------------------------+--------------+---------------+-----------------+-------+---------------------+--------------------+---------------+-----------------+-------------+


+----------------------------------------------------------------------------+
; Input Transition Times                                                     ;
+-------------------------+--------------+-----------------+-----------------+
; Pin                     ; I/O Standard ; 10-90 Rise Time ; 90-10 Fall Time ;
+-------------------------+--------------+-----------------+-----------------+
; CLK                     ; 2.5 V        ; 2000 ps         ; 2000 ps         ;
; ~ALTERA_ASDO_DATA1~     ; 2.5 V        ; 2000 ps         ; 2000 ps         ;
; ~ALTERA_FLASH_nCE_nCSO~ ; 2.5 V        ; 2000 ps         ; 2000 ps         ;
; ~ALTERA_DATA0~          ; 2.5 V        ; 2000 ps         ; 2000 ps         ;
+-------------------------+--------------+-----------------+-----------------+


+--------------------------------------------------------------------------------------------------------------------------------------------------------------------------------------------------------------------------------------------------------------------------------------------------------------------------------------------------------------------------------------------------------------------------------------------------------------------------------------------------------------------------------------------------------------------------------------------------------------------------------------------------------------------------------------------+
; Slow Corner Signal Integrity Metrics                                                                                                                                                                                                                                                                                                                                                                                                                                                                                                                                                                                                                                                       ;
+---------------+--------------+---------------------+---------------------+------------------------------+------------------------------+---------------------+---------------------+--------------------------------------+--------------------------------------+-----------------------------+-----------------------------+----------------------------+----------------------------+-----------------------------+-----------------------------+--------------------+--------------------+-------------------------------------+-------------------------------------+----------------------------+----------------------------+---------------------------+---------------------------+
; Pin           ; I/O Standard ; Board Delay on Rise ; Board Delay on Fall ; Steady State Voh at FPGA Pin ; Steady State Vol at FPGA Pin ; Voh Max at FPGA Pin ; Vol Min at FPGA Pin ; Ringback Voltage on Rise at FPGA Pin ; Ringback Voltage on Fall at FPGA Pin ; 10-90 Rise Time at FPGA Pin ; 90-10 Fall Time at FPGA Pin ; Monotonic Rise at FPGA Pin ; Monotonic Fall at FPGA Pin ; Steady State Voh at Far-end ; Steady State Vol at Far-end ; Voh Max at Far-end ; Vol Min at Far-end ; Ringback Voltage on Rise at Far-end ; Ringback Voltage on Fall at Far-end ; 10-90 Rise Time at Far-end ; 90-10 Fall Time at Far-end ; Monotonic Rise at Far-end ; Monotonic Fall at Far-end ;
+---------------+--------------+---------------------+---------------------+------------------------------+------------------------------+---------------------+---------------------+--------------------------------------+--------------------------------------+-----------------------------+-----------------------------+----------------------------+----------------------------+-----------------------------+-----------------------------+--------------------+--------------------+-------------------------------------+-------------------------------------+----------------------------+----------------------------+---------------------------+---------------------------+
; Q0            ; 2.5 V        ; 0 s                 ; 0 s                 ; 2.32 V                       ; 7.25e-07 V                   ; 2.35 V              ; -0.0111 V           ; 0.113 V                              ; 0.035 V                              ; 7.76e-10 s                  ; 8.04e-10 s                  ; Yes                        ; Yes                        ; 2.32 V                      ; 7.25e-07 V                  ; 2.35 V             ; -0.0111 V          ; 0.113 V                             ; 0.035 V                             ; 7.76e-10 s                 ; 8.04e-10 s                 ; Yes                       ; Yes                       ;
; Q1            ; 2.5 V        ; 0 s                 ; 0 s                 ; 2.32 V                       ; 7.25e-07 V                   ; 2.35 V              ; -0.0111 V           ; 0.113 V                              ; 0.035 V                              ; 7.76e-10 s                  ; 8.04e-10 s                  ; Yes                        ; Yes                        ; 2.32 V                      ; 7.25e-07 V                  ; 2.35 V             ; -0.0111 V          ; 0.113 V                             ; 0.035 V                             ; 7.76e-10 s                 ; 8.04e-10 s                 ; Yes                       ; Yes                       ;
; ~ALTERA_DCLK~ ; 2.5 V        ; 0 s                 ; 0 s                 ; 2.32 V                       ; 5.68e-07 V                   ; 2.35 V              ; -0.0132 V           ; 0.2 V                                ; 0.027 V                              ; 5.26e-10 s                  ; 4.81e-10 s                  ; Yes                        ; Yes                        ; 2.32 V                      ; 5.68e-07 V                  ; 2.35 V             ; -0.0132 V          ; 0.2 V                               ; 0.027 V                             ; 5.26e-10 s                 ; 4.81e-10 s                 ; Yes                       ; Yes                       ;
; ~ALTERA_nCEO~ ; 2.5 V        ; 0 s                 ; 0 s                 ; 2.32 V                       ; 9.36e-07 V                   ; 2.35 V              ; -0.00444 V          ; 0.18 V                               ; 0.019 V                              ; 7.23e-10 s                  ; 9.82e-10 s                  ; Yes                        ; Yes                        ; 2.32 V                      ; 9.36e-07 V                  ; 2.35 V             ; -0.00444 V         ; 0.18 V                              ; 0.019 V                             ; 7.23e-10 s                 ; 9.82e-10 s                 ; Yes                       ; Yes                       ;
+---------------+--------------+---------------------+---------------------+------------------------------+------------------------------+---------------------+---------------------+--------------------------------------+--------------------------------------+-----------------------------+-----------------------------+----------------------------+----------------------------+-----------------------------+-----------------------------+--------------------+--------------------+-------------------------------------+-------------------------------------+----------------------------+----------------------------+---------------------------+---------------------------+


+--------------------------------------------------------------------------------------------------------------------------------------------------------------------------------------------------------------------------------------------------------------------------------------------------------------------------------------------------------------------------------------------------------------------------------------------------------------------------------------------------------------------------------------------------------------------------------------------------------------------------------------------------------------------------------------------+
; Fast Corner Signal Integrity Metrics                                                                                                                                                                                                                                                                                                                                                                                                                                                                                                                                                                                                                                                       ;
+---------------+--------------+---------------------+---------------------+------------------------------+------------------------------+---------------------+---------------------+--------------------------------------+--------------------------------------+-----------------------------+-----------------------------+----------------------------+----------------------------+-----------------------------+-----------------------------+--------------------+--------------------+-------------------------------------+-------------------------------------+----------------------------+----------------------------+---------------------------+---------------------------+
; Pin           ; I/O Standard ; Board Delay on Rise ; Board Delay on Fall ; Steady State Voh at FPGA Pin ; Steady State Vol at FPGA Pin ; Voh Max at FPGA Pin ; Vol Min at FPGA Pin ; Ringback Voltage on Rise at FPGA Pin ; Ringback Voltage on Fall at FPGA Pin ; 10-90 Rise Time at FPGA Pin ; 90-10 Fall Time at FPGA Pin ; Monotonic Rise at FPGA Pin ; Monotonic Fall at FPGA Pin ; Steady State Voh at Far-end ; Steady State Vol at Far-end ; Voh Max at Far-end ; Vol Min at Far-end ; Ringback Voltage on Rise at Far-end ; Ringback Voltage on Fall at Far-end ; 10-90 Rise Time at Far-end ; 90-10 Fall Time at Far-end ; Monotonic Rise at Far-end ; Monotonic Fall at Far-end ;
+---------------+--------------+---------------------+---------------------+------------------------------+------------------------------+---------------------+---------------------+--------------------------------------+--------------------------------------+-----------------------------+-----------------------------+----------------------------+----------------------------+-----------------------------+-----------------------------+--------------------+--------------------+-------------------------------------+-------------------------------------+----------------------------+----------------------------+---------------------------+---------------------------+
; Q0            ; 2.5 V        ; 0 s                 ; 0 s                 ; 2.62 V                       ; 2.78e-08 V                   ; 2.71 V              ; -0.0349 V           ; 0.253 V                              ; 0.069 V                              ; 4.96e-10 s                  ; 5.19e-10 s                  ; No                         ; Yes                        ; 2.62 V                      ; 2.78e-08 V                  ; 2.71 V             ; -0.0349 V          ; 0.253 V                             ; 0.069 V                             ; 4.96e-10 s                 ; 5.19e-10 s                 ; No                        ; Yes                       ;
; Q1            ; 2.5 V        ; 0 s                 ; 0 s                 ; 2.62 V                       ; 2.78e-08 V                   ; 2.71 V              ; -0.0349 V           ; 0.253 V                              ; 0.069 V                              ; 4.96e-10 s                  ; 5.19e-10 s                  ; No                         ; Yes                        ; 2.62 V                      ; 2.78e-08 V                  ; 2.71 V             ; -0.0349 V          ; 0.253 V                             ; 0.069 V                             ; 4.96e-10 s                 ; 5.19e-10 s                 ; No                        ; Yes                       ;
; ~ALTERA_DCLK~ ; 2.5 V        ; 0 s                 ; 0 s                 ; 2.62 V                       ; 2.22e-08 V                   ; 2.72 V              ; -0.0747 V           ; 0.28 V                               ; 0.169 V                              ; 3.1e-10 s                   ; 3.01e-10 s                  ; No                         ; Yes                        ; 2.62 V                      ; 2.22e-08 V                  ; 2.72 V             ; -0.0747 V          ; 0.28 V                              ; 0.169 V                             ; 3.1e-10 s                  ; 3.01e-10 s                 ; No                        ; Yes                       ;
; ~ALTERA_nCEO~ ; 2.5 V        ; 0 s                 ; 0 s                 ; 2.62 V                       ; 3.53e-08 V                   ; 2.7 V               ; -0.0212 V           ; 0.204 V                              ; 0.049 V                              ; 4.85e-10 s                  ; 6.73e-10 s                  ; No                         ; Yes                        ; 2.62 V                      ; 3.53e-08 V                  ; 2.7 V              ; -0.0212 V          ; 0.204 V                             ; 0.049 V                             ; 4.85e-10 s                 ; 6.73e-10 s                 ; No                        ; Yes                       ;
+---------------+--------------+---------------------+---------------------+------------------------------+------------------------------+---------------------+---------------------+--------------------------------------+--------------------------------------+-----------------------------+-----------------------------+----------------------------+----------------------------+-----------------------------+-----------------------------+--------------------+--------------------+-------------------------------------+-------------------------------------+----------------------------+----------------------------+---------------------------+---------------------------+


+-------------------------------------------------------------------+
; Setup Transfers                                                   ;
+------------+----------+----------+----------+----------+----------+
; From Clock ; To Clock ; RR Paths ; FR Paths ; RF Paths ; FF Paths ;
+------------+----------+----------+----------+----------+----------+
; inst52     ; CLK      ; 1        ; 1        ; 0        ; 0        ;
; inst52     ; inst52   ; 0        ; 0        ; 0        ; 1        ;
+------------+----------+----------+----------+----------+----------+
Entries labeled "false path" only account for clock-to-clock false paths and not path-based false paths. As a result, actual path counts may be lower than reported.


+-------------------------------------------------------------------+
; Hold Transfers                                                    ;
+------------+----------+----------+----------+----------+----------+
; From Clock ; To Clock ; RR Paths ; FR Paths ; RF Paths ; FF Paths ;
+------------+----------+----------+----------+----------+----------+
; inst52     ; CLK      ; 1        ; 1        ; 0        ; 0        ;
; inst52     ; inst52   ; 0        ; 0        ; 0        ; 1        ;
+------------+----------+----------+----------+----------+----------+
Entries labeled "false path" only account for clock-to-clock false paths and not path-based false paths. As a result, actual path counts may be lower than reported.


+-------------------------------------------------------------------+
; Recovery Transfers                                                ;
+------------+----------+----------+----------+----------+----------+
; From Clock ; To Clock ; RR Paths ; FR Paths ; RF Paths ; FF Paths ;
+------------+----------+----------+----------+----------+----------+
; inst52     ; CLK      ; 1        ; 2        ; 0        ; 0        ;
; inst52     ; inst52   ; 0        ; 0        ; 1        ; 2        ;
+------------+----------+----------+----------+----------+----------+
Entries labeled "false path" only account for clock-to-clock false paths and not path-based false paths. As a result, actual path counts may be lower than reported.


+-------------------------------------------------------------------+
; Removal Transfers                                                 ;
+------------+----------+----------+----------+----------+----------+
; From Clock ; To Clock ; RR Paths ; FR Paths ; RF Paths ; FF Paths ;
+------------+----------+----------+----------+----------+----------+
; inst52     ; CLK      ; 1        ; 2        ; 0        ; 0        ;
; inst52     ; inst52   ; 0        ; 0        ; 1        ; 2        ;
+------------+----------+----------+----------+----------+----------+
Entries labeled "false path" only account for clock-to-clock false paths and not path-based false paths. As a result, actual path counts may be lower than reported.


---------------
; Report TCCS ;
---------------
No dedicated SERDES Transmitter circuitry present in device or used in design


---------------
; Report RSKM ;
---------------
No dedicated SERDES Receiver circuitry present in device or used in design


+------------------------------------------------+
; Unconstrained Paths                            ;
+---------------------------------+-------+------+
; Property                        ; Setup ; Hold ;
+---------------------------------+-------+------+
; Illegal Clocks                  ; 0     ; 0    ;
; Unconstrained Clocks            ; 0     ; 0    ;
; Unconstrained Input Ports       ; 0     ; 0    ;
; Unconstrained Input Port Paths  ; 0     ; 0    ;
; Unconstrained Output Ports      ; 2     ; 2    ;
; Unconstrained Output Port Paths ; 2     ; 2    ;
+---------------------------------+-------+------+


+------------------------------------+
; TimeQuest Timing Analyzer Messages ;
+------------------------------------+
Info: *******************************************************************
Info: Running Quartus II 64-Bit TimeQuest Timing Analyzer
    Info: Version 13.0.1 Build 232 06/12/2013 Service Pack 1 SJ Web Edition
    Info: Processing started: Mon Mar 07 15:12:58 2022
Info: Command: quartus_sta ModCuatroTruncadoTres -c ModCuatroTruncadoTres
Info: qsta_default_script.tcl version: #1
Warning (20028): Parallel compilation is not licensed and has been disabled
Info (21077): Core supply voltage is 1.2V
Info (21077): Low junction temperature is 0 degrees C
Info (21077): High junction temperature is 85 degrees C
Critical Warning (332012): Synopsys Design Constraints File file not found: 'ModCuatroTruncadoTres.sdc'. A Synopsys Design Constraints File is required by the TimeQuest Timing Analyzer to get proper timing constraints. Without it, the Compiler will not properly optimize the design.
Info (332142): No user constrained base clocks found in the design. Calling "derive_clocks -period 1.0"
Info (332105): Deriving Clocks
    Info (332105): create_clock -period 1.000 -name CLK CLK
    Info (332105): create_clock -period 1.000 -name inst52 inst52
Info (332143): No user constrained clock uncertainty found in the design. Calling "derive_clock_uncertainty"
Info (332123): Deriving Clock Uncertainty. Please refer to report_sdc in TimeQuest to see clock uncertainties.
Info: Found TIMEQUEST_REPORT_SCRIPT_INCLUDE_DEFAULT_ANALYSIS = ON
Info: Analyzing Slow 1200mV 85C Model
Info (332146): Worst-case setup slack is 0.108
    Info (332119):     Slack End Point TNS Clock 
    Info (332119): ========= ============= =====================
    Info (332119):     0.108         0.000 CLK 
    Info (332119):     0.317         0.000 inst52 
Critical Warning (332148): Timing requirements not met
    Info (11105): For recommendations on closing timing, run Report Timing Closure Recommendations in the TimeQuest Timing Analyzer.
Info (332146): Worst-case hold slack is -0.135
    Info (332119):     Slack End Point TNS Clock 
    Info (332119): ========= ============= =====================
    Info (332119):    -0.135        -0.135 CLK 
    Info (332119):     0.384         0.000 inst52 
Info (332146): Worst-case recovery slack is -0.576
    Info (332119):     Slack End Point TNS Clock 
    Info (332119): ========= ============= =====================
    Info (332119):    -0.576        -0.576 inst52 
    Info (332119):    -0.204        -0.204 CLK 
Info (332146): Worst-case removal slack is -0.634
    Info (332119):     Slack End Point TNS Clock 
    Info (332119): ========= ============= =====================
    Info (332119):    -0.634        -0.634 CLK 
    Info (332119):     0.425         0.000 inst52 
Info (332146): Worst-case minimum pulse width slack is -3.000
    Info (332119):     Slack End Point TNS Clock 
    Info (332119): ========= ============= =====================
    Info (332119):    -3.000        -4.000 CLK 
    Info (332119):    -1.000        -1.000 inst52 
Info: Analyzing Slow 1200mV 0C Model
Info (334003): Started post-fitting delay annotation
Info (334004): Delay annotation completed successfully
Info (332123): Deriving Clock Uncertainty. Please refer to report_sdc in TimeQuest to see clock uncertainties.
Info (332146): Worst-case setup slack is 0.238
    Info (332119):     Slack End Point TNS Clock 
    Info (332119): ========= ============= =====================
    Info (332119):     0.238         0.000 CLK 
    Info (332119):     0.398         0.000 inst52 
Critical Warning (332148): Timing requirements not met
    Info (11105): For recommendations on closing timing, run Report Timing Closure Recommendations in the TimeQuest Timing Analyzer.
Info (332146): Worst-case hold slack is -0.203
    Info (332119):     Slack End Point TNS Clock 
    Info (332119): ========= ============= =====================
    Info (332119):    -0.203        -0.203 CLK 
    Info (332119):     0.341         0.000 inst52 
Info (332146): Worst-case recovery slack is -0.410
    Info (332119):     Slack End Point TNS Clock 
    Info (332119): ========= ============= =====================
    Info (332119):    -0.410        -0.410 inst52 
    Info (332119):    -0.037        -0.037 CLK 
Info (332146): Worst-case removal slack is -0.660
    Info (332119):     Slack End Point TNS Clock 
    Info (332119): ========= ============= =====================
    Info (332119):    -0.660        -0.660 CLK 
    Info (332119):     0.381         0.000 inst52 
Info (332146): Worst-case minimum pulse width slack is -3.000
    Info (332119):     Slack End Point TNS Clock 
    Info (332119): ========= ============= =====================
    Info (332119):    -3.000        -4.000 CLK 
    Info (332119):    -1.000        -1.000 inst52 
Info: Analyzing Fast 1200mV 0C Model
Info (332123): Deriving Clock Uncertainty. Please refer to report_sdc in TimeQuest to see clock uncertainties.
Info (332146): Worst-case setup slack is 0.261
    Info (332119):     Slack End Point TNS Clock 
    Info (332119): ========= ============= =====================
    Info (332119):     0.261         0.000 CLK 
    Info (332119):     0.624         0.000 inst52 
Critical Warning (332148): Timing requirements not met
    Info (11105): For recommendations on closing timing, run Report Timing Closure Recommendations in the TimeQuest Timing Analyzer.
Info (332146): Worst-case hold slack is -0.064
    Info (332119):     Slack End Point TNS Clock 
    Info (332119): ========= ============= =====================
    Info (332119):    -0.064        -0.064 CLK 
    Info (332119):     0.206         0.000 inst52 
Info (332146): Worst-case recovery slack is 0.054
    Info (332119):     Slack End Point TNS Clock 
    Info (332119): ========= ============= =====================
    Info (332119):     0.054         0.000 CLK 
    Info (332119):     0.121         0.000 inst52 
Info (332146): Worst-case removal slack is -0.332
    Info (332119):     Slack End Point TNS Clock 
    Info (332119): ========= ============= =====================
    Info (332119):    -0.332        -0.332 CLK 
    Info (332119):     0.226         0.000 inst52 
Info (332146): Worst-case minimum pulse width slack is -3.000
    Info (332119):     Slack End Point TNS Clock 
    Info (332119): ========= ============= =====================
    Info (332119):    -3.000        -4.082 CLK 
    Info (332119):    -1.000        -1.000 inst52 
Info (332102): Design is not fully constrained for setup requirements
Info (332102): Design is not fully constrained for hold requirements
Info: Quartus II 64-Bit TimeQuest Timing Analyzer was successful. 0 errors, 5 warnings
    Info: Peak virtual memory: 4585 megabytes
    Info: Processing ended: Mon Mar 07 15:13:00 2022
    Info: Elapsed time: 00:00:02
    Info: Total CPU time (on all processors): 00:00:01


