Analysis & Synthesis report for ImplementacionRelojDigital
Tue Mar 15 12:33:14 2022
Quartus II 64-Bit Version 13.0.1 Build 232 06/12/2013 Service Pack 1 SJ Web Edition


---------------------
; Table of Contents ;
---------------------
  1. Legal Notice
  2. Analysis & Synthesis Summary
  3. Analysis & Synthesis Settings
  4. Parallel Compilation
  5. Analysis & Synthesis Source Files Read
  6. Analysis & Synthesis Resource Usage Summary
  7. Analysis & Synthesis Resource Utilization by Entity
  8. General Register Statistics
  9. Port Connectivity Checks: "DivisorFrecuencia:inst2|moddieciseistruncadodiez:b2v_inst6"
 10. Port Connectivity Checks: "DivisorFrecuencia:inst2|modochotruncadocinco:b2v_inst54"
 11. Port Connectivity Checks: "DivisorFrecuencia:inst2|moddieciseistruncadodiez:b2v_inst5"
 12. Port Connectivity Checks: "DivisorFrecuencia:inst2|moddieciseistruncadodiez:b2v_inst4"
 13. Port Connectivity Checks: "DivisorFrecuencia:inst2|moddieciseistruncadodiez:b2v_inst3"
 14. Port Connectivity Checks: "DivisorFrecuencia:inst2|moddieciseistruncadodiez:b2v_inst2"
 15. Port Connectivity Checks: "DivisorFrecuencia:inst2|moddieciseistruncadodiez:b2v_inst1"
 16. Port Connectivity Checks: "DivisorFrecuencia:inst2|moddieciseistruncadodiez:b2v_inst"
 17. Elapsed Time Per Partition
 18. Analysis & Synthesis Messages



----------------
; Legal Notice ;
----------------
Copyright (C) 1991-2013 Altera Corporation
Your use of Altera Corporation's design tools, logic functions 
and other software and tools, and its AMPP partner logic 
functions, and any output files from any of the foregoing 
(including device programming or simulation files), and any 
associated documentation or information are expressly subject 
to the terms and conditions of the Altera Program License 
Subscription Agreement, Altera MegaCore Function License 
Agreement, or other applicable license agreement, including, 
without limitation, that your use is for the sole purpose of 
programming logic devices manufactured by Altera and sold by 
Altera or its authorized distributors.  Please refer to the 
applicable agreement for further details.



+--------------------------------------------------------------------------------------+
; Analysis & Synthesis Summary                                                         ;
+------------------------------------+-------------------------------------------------+
; Analysis & Synthesis Status        ; Successful - Tue Mar 15 12:33:14 2022           ;
; Quartus II 64-Bit Version          ; 13.0.1 Build 232 06/12/2013 SP 1 SJ Web Edition ;
; Revision Name                      ; ImplementacionRelojDigital                      ;
; Top-level Entity Name              ; ImplementacionRelojDigital                      ;
; Family                             ; Cyclone III                                     ;
; Total logic elements               ; 85                                              ;
;     Total combinational functions  ; 85                                              ;
;     Dedicated logic registers      ; 45                                              ;
; Total registers                    ; 45                                              ;
; Total pins                         ; 29                                              ;
; Total virtual pins                 ; 0                                               ;
; Total memory bits                  ; 0                                               ;
; Embedded Multiplier 9-bit elements ; 0                                               ;
; Total PLLs                         ; 0                                               ;
+------------------------------------+-------------------------------------------------+


+--------------------------------------------------------------------------------------------------------------------------------------+
; Analysis & Synthesis Settings                                                                                                        ;
+----------------------------------------------------------------------------+----------------------------+----------------------------+
; Option                                                                     ; Setting                    ; Default Value              ;
+----------------------------------------------------------------------------+----------------------------+----------------------------+
; Device                                                                     ; EP3C16F484C6               ;                            ;
; Top-level entity name                                                      ; ImplementacionRelojDigital ; ImplementacionRelojDigital ;
; Family name                                                                ; Cyclone III                ; Cyclone IV GX              ;
; Use smart compilation                                                      ; Off                        ; Off                        ;
; Enable parallel Assembler and TimeQuest Timing Analyzer during compilation ; On                         ; On                         ;
; Enable compact report table                                                ; Off                        ; Off                        ;
; Restructure Multiplexers                                                   ; Auto                       ; Auto                       ;
; Create Debugging Nodes for IP Cores                                        ; Off                        ; Off                        ;
; Preserve fewer node names                                                  ; On                         ; On                         ;
; Disable OpenCore Plus hardware evaluation                                  ; Off                        ; Off                        ;
; Verilog Version                                                            ; Verilog_2001               ; Verilog_2001               ;
; VHDL Version                                                               ; VHDL_1993                  ; VHDL_1993                  ;
; State Machine Processing                                                   ; Auto                       ; Auto                       ;
; Safe State Machine                                                         ; Off                        ; Off                        ;
; Extract Verilog State Machines                                             ; On                         ; On                         ;
; Extract VHDL State Machines                                                ; On                         ; On                         ;
; Ignore Verilog initial constructs                                          ; Off                        ; Off                        ;
; Iteration limit for constant Verilog loops                                 ; 5000                       ; 5000                       ;
; Iteration limit for non-constant Verilog loops                             ; 250                        ; 250                        ;
; Add Pass-Through Logic to Inferred RAMs                                    ; On                         ; On                         ;
; Infer RAMs from Raw Logic                                                  ; On                         ; On                         ;
; Parallel Synthesis                                                         ; On                         ; On                         ;
; DSP Block Balancing                                                        ; Auto                       ; Auto                       ;
; NOT Gate Push-Back                                                         ; On                         ; On                         ;
; Power-Up Don't Care                                                        ; On                         ; On                         ;
; Remove Redundant Logic Cells                                               ; Off                        ; Off                        ;
; Remove Duplicate Registers                                                 ; On                         ; On                         ;
; Ignore CARRY Buffers                                                       ; Off                        ; Off                        ;
; Ignore CASCADE Buffers                                                     ; Off                        ; Off                        ;
; Ignore GLOBAL Buffers                                                      ; Off                        ; Off                        ;
; Ignore ROW GLOBAL Buffers                                                  ; Off                        ; Off                        ;
; Ignore LCELL Buffers                                                       ; Off                        ; Off                        ;
; Ignore SOFT Buffers                                                        ; On                         ; On                         ;
; Limit AHDL Integers to 32 Bits                                             ; Off                        ; Off                        ;
; Optimization Technique                                                     ; Balanced                   ; Balanced                   ;
; Carry Chain Length                                                         ; 70                         ; 70                         ;
; Auto Carry Chains                                                          ; On                         ; On                         ;
; Auto Open-Drain Pins                                                       ; On                         ; On                         ;
; Perform WYSIWYG Primitive Resynthesis                                      ; Off                        ; Off                        ;
; Auto ROM Replacement                                                       ; On                         ; On                         ;
; Auto RAM Replacement                                                       ; On                         ; On                         ;
; Auto DSP Block Replacement                                                 ; On                         ; On                         ;
; Auto Shift Register Replacement                                            ; Auto                       ; Auto                       ;
; Allow Shift Register Merging across Hierarchies                            ; Auto                       ; Auto                       ;
; Auto Clock Enable Replacement                                              ; On                         ; On                         ;
; Strict RAM Replacement                                                     ; Off                        ; Off                        ;
; Allow Synchronous Control Signals                                          ; On                         ; On                         ;
; Force Use of Synchronous Clear Signals                                     ; Off                        ; Off                        ;
; Auto RAM Block Balancing                                                   ; On                         ; On                         ;
; Auto RAM to Logic Cell Conversion                                          ; Off                        ; Off                        ;
; Auto Resource Sharing                                                      ; Off                        ; Off                        ;
; Allow Any RAM Size For Recognition                                         ; Off                        ; Off                        ;
; Allow Any ROM Size For Recognition                                         ; Off                        ; Off                        ;
; Allow Any Shift Register Size For Recognition                              ; Off                        ; Off                        ;
; Use LogicLock Constraints during Resource Balancing                        ; On                         ; On                         ;
; Ignore translate_off and synthesis_off directives                          ; Off                        ; Off                        ;
; Timing-Driven Synthesis                                                    ; On                         ; On                         ;
; Report Parameter Settings                                                  ; On                         ; On                         ;
; Report Source Assignments                                                  ; On                         ; On                         ;
; Report Connectivity Checks                                                 ; On                         ; On                         ;
; Ignore Maximum Fan-Out Assignments                                         ; Off                        ; Off                        ;
; Synchronization Register Chain Length                                      ; 2                          ; 2                          ;
; PowerPlay Power Optimization                                               ; Normal compilation         ; Normal compilation         ;
; HDL message level                                                          ; Level2                     ; Level2                     ;
; Suppress Register Optimization Related Messages                            ; Off                        ; Off                        ;
; Number of Removed Registers Reported in Synthesis Report                   ; 5000                       ; 5000                       ;
; Number of Swept Nodes Reported in Synthesis Report                         ; 5000                       ; 5000                       ;
; Number of Inverted Registers Reported in Synthesis Report                  ; 100                        ; 100                        ;
; Clock MUX Protection                                                       ; On                         ; On                         ;
; Auto Gated Clock Conversion                                                ; Off                        ; Off                        ;
; Block Design Naming                                                        ; Auto                       ; Auto                       ;
; SDC constraint protection                                                  ; Off                        ; Off                        ;
; Synthesis Effort                                                           ; Auto                       ; Auto                       ;
; Shift Register Replacement - Allow Asynchronous Clear Signal               ; On                         ; On                         ;
; Pre-Mapping Resynthesis Optimization                                       ; Off                        ; Off                        ;
; Analysis & Synthesis Message Level                                         ; Medium                     ; Medium                     ;
; Disable Register Merging Across Hierarchies                                ; Auto                       ; Auto                       ;
; Resource Aware Inference For Block RAM                                     ; On                         ; On                         ;
; Synthesis Seed                                                             ; 1                          ; 1                          ;
+----------------------------------------------------------------------------+----------------------------+----------------------------+


Parallel compilation was disabled, but you have multiple processors available. Enable parallel compilation to reduce compilation time.
+-------------------------------------+
; Parallel Compilation                ;
+----------------------------+--------+
; Processors                 ; Number ;
+----------------------------+--------+
; Number detected on machine ; 8      ;
; Maximum allowed            ; 1      ;
+----------------------------+--------+


+-----------------------------------------------------------------------------------------------------------------------------------------------------------------------------------+
; Analysis & Synthesis Source Files Read                                                                                                                                            ;
+----------------------------------+-----------------+------------------------------------+-------------------------------------------------------------------------------+---------+
; File Name with User-Entered Path ; Used in Netlist ; File Type                          ; File Name with Absolute Path                                                  ; Library ;
+----------------------------------+-----------------+------------------------------------+-------------------------------------------------------------------------------+---------+
; ImplementacionRelojDigital.bdf   ; yes             ; User Block Diagram/Schematic File  ; C:/VHDL/TercerCorte/ImplementacionRelojDigital/ImplementacionRelojDigital.bdf ;         ;
; pruebas.vhd                      ; yes             ; Auto-Found VHDL File               ; C:/VHDL/TercerCorte/ImplementacionRelojDigital/pruebas.vhd                    ;         ;
; relojsegundero.vhd               ; yes             ; Auto-Found VHDL File               ; C:/VHDL/TercerCorte/ImplementacionRelojDigital/relojsegundero.vhd             ;         ;
; moddieciseistruncadodiez.vhd     ; yes             ; Auto-Found VHDL File               ; C:/VHDL/TercerCorte/ImplementacionRelojDigital/moddieciseistruncadodiez.vhd   ;         ;
; modochotruncadoseis.vhd          ; yes             ; Auto-Found VHDL File               ; C:/VHDL/TercerCorte/ImplementacionRelojDigital/modochotruncadoseis.vhd        ;         ;
; divisorfrecuencia.vhd            ; yes             ; Auto-Found VHDL File               ; C:/VHDL/TercerCorte/ImplementacionRelojDigital/divisorfrecuencia.vhd          ;         ;
; modochotruncadocinco.vhd         ; yes             ; Auto-Found VHDL File               ; C:/VHDL/TercerCorte/ImplementacionRelojDigital/modochotruncadocinco.vhd       ;         ;
+----------------------------------+-----------------+------------------------------------+-------------------------------------------------------------------------------+---------+


+---------------------------------------------------------------------------------------------------------------------------------------------+
; Analysis & Synthesis Resource Usage Summary                                                                                                 ;
+---------------------------------------------+-----------------------------------------------------------------------------------------------+
; Resource                                    ; Usage                                                                                         ;
+---------------------------------------------+-----------------------------------------------------------------------------------------------+
; Estimated Total logic elements              ; 85                                                                                            ;
;                                             ;                                                                                               ;
; Total combinational functions               ; 85                                                                                            ;
; Logic element usage by number of LUT inputs ;                                                                                               ;
;     -- 4 input functions                    ; 12                                                                                            ;
;     -- 3 input functions                    ; 16                                                                                            ;
;     -- <=2 input functions                  ; 57                                                                                            ;
;                                             ;                                                                                               ;
; Logic elements by mode                      ;                                                                                               ;
;     -- normal mode                          ; 85                                                                                            ;
;     -- arithmetic mode                      ; 0                                                                                             ;
;                                             ;                                                                                               ;
; Total registers                             ; 45                                                                                            ;
;     -- Dedicated logic registers            ; 45                                                                                            ;
;     -- I/O registers                        ; 0                                                                                             ;
;                                             ;                                                                                               ;
; I/O pins                                    ; 29                                                                                            ;
; Embedded Multiplier 9-bit elements          ; 0                                                                                             ;
; Maximum fan-out node                        ; RelojSegundero:inst|ModDieciseisTruncadoDiez:b2v_inst|synthesized_var_for_SYNTHESIZED_WIRE_19 ;
; Maximum fan-out                             ; 10                                                                                            ;
; Total fan-out                               ; 357                                                                                           ;
; Average fan-out                             ; 1.90                                                                                          ;
+---------------------------------------------+-----------------------------------------------------------------------------------------------+


+----------------------------------------------------------------------------------------------------------------------------------------------------------------------------------------------------------------------------------------------------------------+
; Analysis & Synthesis Resource Utilization by Entity                                                                                                                                                                                                            ;
+--------------------------------------------+-------------------+--------------+-------------+--------------+---------+-----------+------+--------------+----------------------------------------------------------------------------------------+--------------+
; Compilation Hierarchy Node                 ; LC Combinationals ; LC Registers ; Memory Bits ; DSP Elements ; DSP 9x9 ; DSP 18x18 ; Pins ; Virtual Pins ; Full Hierarchy Name                                                                    ; Library Name ;
+--------------------------------------------+-------------------+--------------+-------------+--------------+---------+-----------+------+--------------+----------------------------------------------------------------------------------------+--------------+
; |ImplementacionRelojDigital                ; 85 (1)            ; 45 (0)       ; 0           ; 0            ; 0       ; 0         ; 29   ; 0            ; |ImplementacionRelojDigital                                                            ; work         ;
;    |DivisorFrecuencia:inst2|               ; 39 (0)            ; 31 (0)       ; 0           ; 0            ; 0       ; 0         ; 0    ; 0            ; |ImplementacionRelojDigital|DivisorFrecuencia:inst2                                    ; work         ;
;       |ModDieciseisTruncadoDiez:b2v_inst1| ; 5 (5)             ; 4 (4)        ; 0           ; 0            ; 0       ; 0         ; 0    ; 0            ; |ImplementacionRelojDigital|DivisorFrecuencia:inst2|ModDieciseisTruncadoDiez:b2v_inst1 ; work         ;
;       |ModDieciseisTruncadoDiez:b2v_inst2| ; 5 (5)             ; 4 (4)        ; 0           ; 0            ; 0       ; 0         ; 0    ; 0            ; |ImplementacionRelojDigital|DivisorFrecuencia:inst2|ModDieciseisTruncadoDiez:b2v_inst2 ; work         ;
;       |ModDieciseisTruncadoDiez:b2v_inst3| ; 5 (5)             ; 4 (4)        ; 0           ; 0            ; 0       ; 0         ; 0    ; 0            ; |ImplementacionRelojDigital|DivisorFrecuencia:inst2|ModDieciseisTruncadoDiez:b2v_inst3 ; work         ;
;       |ModDieciseisTruncadoDiez:b2v_inst4| ; 5 (5)             ; 4 (4)        ; 0           ; 0            ; 0       ; 0         ; 0    ; 0            ; |ImplementacionRelojDigital|DivisorFrecuencia:inst2|ModDieciseisTruncadoDiez:b2v_inst4 ; work         ;
;       |ModDieciseisTruncadoDiez:b2v_inst5| ; 5 (5)             ; 4 (4)        ; 0           ; 0            ; 0       ; 0         ; 0    ; 0            ; |ImplementacionRelojDigital|DivisorFrecuencia:inst2|ModDieciseisTruncadoDiez:b2v_inst5 ; work         ;
;       |ModDieciseisTruncadoDiez:b2v_inst6| ; 5 (5)             ; 4 (4)        ; 0           ; 0            ; 0       ; 0         ; 0    ; 0            ; |ImplementacionRelojDigital|DivisorFrecuencia:inst2|ModDieciseisTruncadoDiez:b2v_inst6 ; work         ;
;       |ModDieciseisTruncadoDiez:b2v_inst|  ; 5 (5)             ; 4 (4)        ; 0           ; 0            ; 0       ; 0         ; 0    ; 0            ; |ImplementacionRelojDigital|DivisorFrecuencia:inst2|ModDieciseisTruncadoDiez:b2v_inst  ; work         ;
;       |ModOchoTruncadoCinco:b2v_inst54|    ; 4 (4)             ; 3 (3)        ; 0           ; 0            ; 0       ; 0         ; 0    ; 0            ; |ImplementacionRelojDigital|DivisorFrecuencia:inst2|ModOchoTruncadoCinco:b2v_inst54    ; work         ;
;    |Pruebas:inst1|                         ; 7 (7)             ; 0 (0)        ; 0           ; 0            ; 0       ; 0         ; 0    ; 0            ; |ImplementacionRelojDigital|Pruebas:inst1                                              ; work         ;
;    |Pruebas:inst3|                         ; 7 (7)             ; 0 (0)        ; 0           ; 0            ; 0       ; 0         ; 0    ; 0            ; |ImplementacionRelojDigital|Pruebas:inst3                                              ; work         ;
;    |Pruebas:inst5|                         ; 7 (7)             ; 0 (0)        ; 0           ; 0            ; 0       ; 0         ; 0    ; 0            ; |ImplementacionRelojDigital|Pruebas:inst5                                              ; work         ;
;    |Pruebas:inst6|                         ; 8 (8)             ; 0 (0)        ; 0           ; 0            ; 0       ; 0         ; 0    ; 0            ; |ImplementacionRelojDigital|Pruebas:inst6                                              ; work         ;
;    |RelojSegundero:inst4|                  ; 8 (1)             ; 7 (0)        ; 0           ; 0            ; 0       ; 0         ; 0    ; 0            ; |ImplementacionRelojDigital|RelojSegundero:inst4                                       ; work         ;
;       |ModDieciseisTruncadoDiez:b2v_inst|  ; 4 (4)             ; 4 (4)        ; 0           ; 0            ; 0       ; 0         ; 0    ; 0            ; |ImplementacionRelojDigital|RelojSegundero:inst4|ModDieciseisTruncadoDiez:b2v_inst     ; work         ;
;       |ModOchoTruncadoSeis:b2v_inst2|      ; 3 (3)             ; 3 (3)        ; 0           ; 0            ; 0       ; 0         ; 0    ; 0            ; |ImplementacionRelojDigital|RelojSegundero:inst4|ModOchoTruncadoSeis:b2v_inst2         ; work         ;
;    |RelojSegundero:inst|                   ; 8 (1)             ; 7 (0)        ; 0           ; 0            ; 0       ; 0         ; 0    ; 0            ; |ImplementacionRelojDigital|RelojSegundero:inst                                        ; work         ;
;       |ModDieciseisTruncadoDiez:b2v_inst|  ; 4 (4)             ; 4 (4)        ; 0           ; 0            ; 0       ; 0         ; 0    ; 0            ; |ImplementacionRelojDigital|RelojSegundero:inst|ModDieciseisTruncadoDiez:b2v_inst      ; work         ;
;       |ModOchoTruncadoSeis:b2v_inst2|      ; 3 (3)             ; 3 (3)        ; 0           ; 0            ; 0       ; 0         ; 0    ; 0            ; |ImplementacionRelojDigital|RelojSegundero:inst|ModOchoTruncadoSeis:b2v_inst2          ; work         ;
+--------------------------------------------+-------------------+--------------+-------------+--------------+---------+-----------+------+--------------+----------------------------------------------------------------------------------------+--------------+
Note: For table entries with two numbers listed, the numbers in parentheses indicate the number of resources of the given type used by the specific entity alone. The numbers listed outside of parentheses indicate the total resources of the given type used by the specific entity and all of its sub-entities in the hierarchy.


+------------------------------------------------------+
; General Register Statistics                          ;
+----------------------------------------------+-------+
; Statistic                                    ; Value ;
+----------------------------------------------+-------+
; Total registers                              ; 45    ;
; Number of registers using Synchronous Clear  ; 0     ;
; Number of registers using Synchronous Load   ; 0     ;
; Number of registers using Asynchronous Clear ; 45    ;
; Number of registers using Asynchronous Load  ; 0     ;
; Number of registers using Clock Enable       ; 0     ;
; Number of registers using Preset             ; 0     ;
+----------------------------------------------+-------+


+----------------------------------------------------------------------------------------------------------------+
; Port Connectivity Checks: "DivisorFrecuencia:inst2|moddieciseistruncadodiez:b2v_inst6"                         ;
+------+--------+----------+-------------------------------------------------------------------------------------+
; Port ; Type   ; Severity ; Details                                                                             ;
+------+--------+----------+-------------------------------------------------------------------------------------+
; q0   ; Output ; Info     ; Connected to dangling logic. Logic that only feeds a dangling port will be removed. ;
; q1   ; Output ; Info     ; Connected to dangling logic. Logic that only feeds a dangling port will be removed. ;
; q2   ; Output ; Info     ; Connected to dangling logic. Logic that only feeds a dangling port will be removed. ;
+------+--------+----------+-------------------------------------------------------------------------------------+


+----------------------------------------------------------------------------------------------------------------+
; Port Connectivity Checks: "DivisorFrecuencia:inst2|modochotruncadocinco:b2v_inst54"                            ;
+------+--------+----------+-------------------------------------------------------------------------------------+
; Port ; Type   ; Severity ; Details                                                                             ;
+------+--------+----------+-------------------------------------------------------------------------------------+
; q0   ; Output ; Info     ; Connected to dangling logic. Logic that only feeds a dangling port will be removed. ;
; q1   ; Output ; Info     ; Connected to dangling logic. Logic that only feeds a dangling port will be removed. ;
+------+--------+----------+-------------------------------------------------------------------------------------+


+----------------------------------------------------------------------------------------------------------------+
; Port Connectivity Checks: "DivisorFrecuencia:inst2|moddieciseistruncadodiez:b2v_inst5"                         ;
+------+--------+----------+-------------------------------------------------------------------------------------+
; Port ; Type   ; Severity ; Details                                                                             ;
+------+--------+----------+-------------------------------------------------------------------------------------+
; q0   ; Output ; Info     ; Connected to dangling logic. Logic that only feeds a dangling port will be removed. ;
; q1   ; Output ; Info     ; Connected to dangling logic. Logic that only feeds a dangling port will be removed. ;
; q2   ; Output ; Info     ; Connected to dangling logic. Logic that only feeds a dangling port will be removed. ;
+------+--------+----------+-------------------------------------------------------------------------------------+


+----------------------------------------------------------------------------------------------------------------+
; Port Connectivity Checks: "DivisorFrecuencia:inst2|moddieciseistruncadodiez:b2v_inst4"                         ;
+------+--------+----------+-------------------------------------------------------------------------------------+
; Port ; Type   ; Severity ; Details                                                                             ;
+------+--------+----------+-------------------------------------------------------------------------------------+
; q0   ; Output ; Info     ; Connected to dangling logic. Logic that only feeds a dangling port will be removed. ;
; q1   ; Output ; Info     ; Connected to dangling logic. Logic that only feeds a dangling port will be removed. ;
; q2   ; Output ; Info     ; Connected to dangling logic. Logic that only feeds a dangling port will be removed. ;
+------+--------+----------+-------------------------------------------------------------------------------------+


+----------------------------------------------------------------------------------------------------------------+
; Port Connectivity Checks: "DivisorFrecuencia:inst2|moddieciseistruncadodiez:b2v_inst3"                         ;
+------+--------+----------+-------------------------------------------------------------------------------------+
; Port ; Type   ; Severity ; Details                                                                             ;
+------+--------+----------+-------------------------------------------------------------------------------------+
; q0   ; Output ; Info     ; Connected to dangling logic. Logic that only feeds a dangling port will be removed. ;
; q1   ; Output ; Info     ; Connected to dangling logic. Logic that only feeds a dangling port will be removed. ;
; q2   ; Output ; Info     ; Connected to dangling logic. Logic that only feeds a dangling port will be removed. ;
+------+--------+----------+-------------------------------------------------------------------------------------+


+----------------------------------------------------------------------------------------------------------------+
; Port Connectivity Checks: "DivisorFrecuencia:inst2|moddieciseistruncadodiez:b2v_inst2"                         ;
+------+--------+----------+-------------------------------------------------------------------------------------+
; Port ; Type   ; Severity ; Details                                                                             ;
+------+--------+----------+-------------------------------------------------------------------------------------+
; q0   ; Output ; Info     ; Connected to dangling logic. Logic that only feeds a dangling port will be removed. ;
; q1   ; Output ; Info     ; Connected to dangling logic. Logic that only feeds a dangling port will be removed. ;
; q2   ; Output ; Info     ; Connected to dangling logic. Logic that only feeds a dangling port will be removed. ;
+------+--------+----------+-------------------------------------------------------------------------------------+


+----------------------------------------------------------------------------------------------------------------+
; Port Connectivity Checks: "DivisorFrecuencia:inst2|moddieciseistruncadodiez:b2v_inst1"                         ;
+------+--------+----------+-------------------------------------------------------------------------------------+
; Port ; Type   ; Severity ; Details                                                                             ;
+------+--------+----------+-------------------------------------------------------------------------------------+
; q0   ; Output ; Info     ; Connected to dangling logic. Logic that only feeds a dangling port will be removed. ;
; q1   ; Output ; Info     ; Connected to dangling logic. Logic that only feeds a dangling port will be removed. ;
; q2   ; Output ; Info     ; Connected to dangling logic. Logic that only feeds a dangling port will be removed. ;
+------+--------+----------+-------------------------------------------------------------------------------------+


+----------------------------------------------------------------------------------------------------------------+
; Port Connectivity Checks: "DivisorFrecuencia:inst2|moddieciseistruncadodiez:b2v_inst"                          ;
+------+--------+----------+-------------------------------------------------------------------------------------+
; Port ; Type   ; Severity ; Details                                                                             ;
+------+--------+----------+-------------------------------------------------------------------------------------+
; q0   ; Output ; Info     ; Connected to dangling logic. Logic that only feeds a dangling port will be removed. ;
; q1   ; Output ; Info     ; Connected to dangling logic. Logic that only feeds a dangling port will be removed. ;
; q2   ; Output ; Info     ; Connected to dangling logic. Logic that only feeds a dangling port will be removed. ;
+------+--------+----------+-------------------------------------------------------------------------------------+


+-------------------------------+
; Elapsed Time Per Partition    ;
+----------------+--------------+
; Partition Name ; Elapsed Time ;
+----------------+--------------+
; Top            ; 00:00:00     ;
+----------------+--------------+


+-------------------------------+
; Analysis & Synthesis Messages ;
+-------------------------------+
Info: *******************************************************************
Info: Running Quartus II 64-Bit Analysis & Synthesis
    Info: Version 13.0.1 Build 232 06/12/2013 Service Pack 1 SJ Web Edition
    Info: Processing started: Tue Mar 15 12:33:12 2022
Info: Command: quartus_map --read_settings_files=on --write_settings_files=off ImplementacionRelojDigital -c ImplementacionRelojDigital
Warning (20028): Parallel compilation is not licensed and has been disabled
Info (12021): Found 1 design units, including 1 entities, in source file implementacionrelojdigital.bdf
    Info (12023): Found entity 1: ImplementacionRelojDigital
Info (12127): Elaborating entity "ImplementacionRelojDigital" for the top level hierarchy
Warning (275011): Block or symbol "NOT" of instance "inst14" overlaps another block or symbol
Warning (275011): Block or symbol "NOT" of instance "inst16" overlaps another block or symbol
Warning (275011): Block or symbol "NOT" of instance "inst18" overlaps another block or symbol
Warning (275011): Block or symbol "NOT" of instance "inst20" overlaps another block or symbol
Warning (275011): Block or symbol "NOT" of instance "inst22" overlaps another block or symbol
Warning (275011): Block or symbol "NOT" of instance "inst24" overlaps another block or symbol
Warning (275011): Block or symbol "NOT" of instance "inst26" overlaps another block or symbol
Warning (275011): Block or symbol "NOT" of instance "inst27" overlaps another block or symbol
Warning (275011): Block or symbol "NOT" of instance "inst29" overlaps another block or symbol
Warning (275011): Block or symbol "NOT" of instance "inst31" overlaps another block or symbol
Warning (275011): Block or symbol "NOT" of instance "inst33" overlaps another block or symbol
Warning (275011): Block or symbol "NOT" of instance "inst35" overlaps another block or symbol
Warning (275011): Block or symbol "NOT" of instance "inst37" overlaps another block or symbol
Warning (275011): Block or symbol "NOT" of instance "inst39" overlaps another block or symbol
Warning (12125): Using design file pruebas.vhd, which is not specified as a design file for the current project, but contains definitions for 2 design units and 1 entities in project
    Info (12022): Found design unit 1: Pruebas-bdf_type
    Info (12023): Found entity 1: Pruebas
Info (12128): Elaborating entity "Pruebas" for hierarchy "Pruebas:inst1"
Warning (12125): Using design file relojsegundero.vhd, which is not specified as a design file for the current project, but contains definitions for 2 design units and 1 entities in project
    Info (12022): Found design unit 1: RelojSegundero-bdf_type
    Info (12023): Found entity 1: RelojSegundero
Info (12128): Elaborating entity "RelojSegundero" for hierarchy "RelojSegundero:inst"
Warning (12125): Using design file moddieciseistruncadodiez.vhd, which is not specified as a design file for the current project, but contains definitions for 2 design units and 1 entities in project
    Info (12022): Found design unit 1: ModDieciseisTruncadoDiez-bdf_type
    Info (12023): Found entity 1: ModDieciseisTruncadoDiez
Info (12128): Elaborating entity "moddieciseistruncadodiez" for hierarchy "RelojSegundero:inst|moddieciseistruncadodiez:b2v_inst"
Warning (12125): Using design file modochotruncadoseis.vhd, which is not specified as a design file for the current project, but contains definitions for 2 design units and 1 entities in project
    Info (12022): Found design unit 1: ModOchoTruncadoSeis-bdf_type
    Info (12023): Found entity 1: ModOchoTruncadoSeis
Info (12128): Elaborating entity "modochotruncadoseis" for hierarchy "RelojSegundero:inst|modochotruncadoseis:b2v_inst2"
Warning (12125): Using design file divisorfrecuencia.vhd, which is not specified as a design file for the current project, but contains definitions for 2 design units and 1 entities in project
    Info (12022): Found design unit 1: DivisorFrecuencia-bdf_type
    Info (12023): Found entity 1: DivisorFrecuencia
Info (12128): Elaborating entity "DivisorFrecuencia" for hierarchy "DivisorFrecuencia:inst2"
Warning (12125): Using design file modochotruncadocinco.vhd, which is not specified as a design file for the current project, but contains definitions for 2 design units and 1 entities in project
    Info (12022): Found design unit 1: ModOchoTruncadoCinco-bdf_type
    Info (12023): Found entity 1: ModOchoTruncadoCinco
Info (12128): Elaborating entity "modochotruncadocinco" for hierarchy "DivisorFrecuencia:inst2|modochotruncadocinco:b2v_inst54"
Info (286030): Timing-Driven Synthesis is running
Info (16010): Generating hard_block partition "hard_block:auto_generated_inst"
    Info (16011): Adding 0 node(s), including 0 DDIO, 0 PLL, 0 transceiver and 0 LCELL
Info (21057): Implemented 114 device resources after synthesis - the final resource count might be different
    Info (21058): Implemented 1 input pins
    Info (21059): Implemented 28 output pins
    Info (21061): Implemented 85 logic cells
Info: Quartus II 64-Bit Analysis & Synthesis was successful. 0 errors, 21 warnings
    Info: Peak virtual memory: 4627 megabytes
    Info: Processing ended: Tue Mar 15 12:33:14 2022
    Info: Elapsed time: 00:00:02
    Info: Total CPU time (on all processors): 00:00:02


